<?xml version="1.0" ?>
<coverage version="7.8.0" timestamp="1746878356986" lines-valid="10221" lines-covered="4085" line-rate="0.3997" branches-valid="3834" branches-covered="631" branch-rate="0.1646" complexity="0">
	<!-- Generated by coverage.py: https://coverage.readthedocs.io/en/7.8.0 -->
	<!-- Based on https://raw.githubusercontent.com/cobertura/web/master/htdocs/xml/coverage-04.dtd -->
	<sources>
		<source></source>
		<source>/root/dpsim1</source>
	</sources>
	<packages>
		<package name=".usr.lib.python3.10.site-packages" line-rate="0.4451" branch-rate="0.2368" complexity="0">
			<classes>
				<class name="decorator.py" filename="/usr/lib/python3.10/site-packages/decorator.py" complexity="0" line-rate="0.2667" branch-rate="0.05435">
					<methods/>
					<lines>
						<line number="35" hits="1"/>
						<line number="36" hits="1"/>
						<line number="37" hits="1"/>
						<line number="38" hits="1"/>
						<line number="39" hits="1"/>
						<line number="40" hits="1"/>
						<line number="41" hits="1"/>
						<line number="43" hits="1"/>
						<line number="45" hits="1"/>
						<line number="46" hits="1"/>
						<line number="47" hits="1"/>
						<line number="51" hits="1"/>
						<line number="59" hits="1"/>
						<line number="62" hits="1"/>
						<line number="64" hits="1"/>
						<line number="66" hits="0"/>
						<line number="67" hits="0" branch="true" condition-coverage="0% (0/2)" missing-branches="69,99"/>
						<line number="69" hits="0"/>
						<line number="70" hits="0" branch="true" condition-coverage="0% (0/2)" missing-branches="71,72"/>
						<line number="71" hits="0"/>
						<line number="72" hits="0"/>
						<line number="73" hits="0"/>
						<line number="74" hits="0" branch="true" condition-coverage="0% (0/2)" missing-branches="75,99"/>
						<line number="75" hits="0"/>
						<line number="76" hits="0"/>
						<line number="77" hits="0" branch="true" condition-coverage="0% (0/2)" missing-branches="79,80"/>
						<line number="79" hits="0"/>
						<line number="80" hits="0" branch="true" condition-coverage="0% (0/2)" missing-branches="81,82"/>
						<line number="81" hits="0"/>
						<line number="82" hits="0"/>
						<line number="83" hits="0"/>
						<line number="84" hits="0" branch="true" condition-coverage="0% (0/2)" missing-branches="85,87"/>
						<line number="85" hits="0"/>
						<line number="86" hits="0"/>
						<line number="87" hits="0" branch="true" condition-coverage="0% (0/2)" missing-branches="88,89"/>
						<line number="88" hits="0"/>
						<line number="89" hits="0" branch="true" condition-coverage="0% (0/2)" missing-branches="90,92"/>
						<line number="90" hits="0"/>
						<line number="91" hits="0"/>
						<line number="92" hits="0" branch="true" condition-coverage="0% (0/2)" missing-branches="93,95"/>
						<line number="93" hits="0"/>
						<line number="94" hits="0"/>
						<line number="95" hits="0"/>
						<line number="96" hits="0"/>
						<line number="97" hits="0"/>
						<line number="99" hits="0" branch="true" condition-coverage="0% (0/2)" missing-branches="100,101"/>
						<line number="100" hits="0"/>
						<line number="101" hits="0" branch="true" condition-coverage="0% (0/2)" missing-branches="102,103"/>
						<line number="102" hits="0"/>
						<line number="103" hits="0" branch="true" condition-coverage="0% (0/2)" missing-branches="104,105"/>
						<line number="104" hits="0"/>
						<line number="105" hits="0" branch="true" condition-coverage="0% (0/2)" missing-branches="106,107"/>
						<line number="106" hits="0"/>
						<line number="107" hits="0" branch="true" condition-coverage="0% (0/2)" missing-branches="108,109"/>
						<line number="108" hits="0"/>
						<line number="109" hits="0" branch="true" condition-coverage="0% (0/2)" missing-branches="110,112"/>
						<line number="110" hits="0"/>
						<line number="112" hits="0"/>
						<line number="113" hits="0" branch="true" condition-coverage="0% (0/2)" missing-branches="exit,114"/>
						<line number="114" hits="0"/>
						<line number="116" hits="1"/>
						<line number="120" hits="0"/>
						<line number="121" hits="0"/>
						<line number="122" hits="0"/>
						<line number="123" hits="0"/>
						<line number="124" hits="0"/>
						<line number="125" hits="0"/>
						<line number="126" hits="0"/>
						<line number="127" hits="0"/>
						<line number="128" hits="0"/>
						<line number="129" hits="0"/>
						<line number="131" hits="0"/>
						<line number="132" hits="0"/>
						<line number="133" hits="0"/>
						<line number="135" hits="1"/>
						<line number="139" hits="0"/>
						<line number="140" hits="0"/>
						<line number="141" hits="0"/>
						<line number="142" hits="0" branch="true" condition-coverage="0% (0/2)" missing-branches="143,144"/>
						<line number="143" hits="0"/>
						<line number="144" hits="0"/>
						<line number="145" hits="0"/>
						<line number="147" hits="0" branch="true" condition-coverage="0% (0/2)" missing-branches="148,151"/>
						<line number="148" hits="0" branch="true" condition-coverage="0% (0/2)" missing-branches="147,149"/>
						<line number="149" hits="0"/>
						<line number="151" hits="0" branch="true" condition-coverage="0% (0/2)" missing-branches="152,157"/>
						<line number="152" hits="0"/>
						<line number="157" hits="0"/>
						<line number="158" hits="0"/>
						<line number="159" hits="0"/>
						<line number="160" hits="0"/>
						<line number="161" hits="0"/>
						<line number="162" hits="0"/>
						<line number="163" hits="0"/>
						<line number="164" hits="0"/>
						<line number="165" hits="0"/>
						<line number="166" hits="0" branch="true" condition-coverage="0% (0/2)" missing-branches="167,168"/>
						<line number="167" hits="0"/>
						<line number="168" hits="0"/>
						<line number="169" hits="0"/>
						<line number="171" hits="1"/>
						<line number="172" hits="1"/>
						<line number="180" hits="0" branch="true" condition-coverage="0% (0/2)" missing-branches="181,185"/>
						<line number="181" hits="0"/>
						<line number="182" hits="0"/>
						<line number="183" hits="0"/>
						<line number="185" hits="0"/>
						<line number="186" hits="0"/>
						<line number="187" hits="0"/>
						<line number="188" hits="0"/>
						<line number="189" hits="0"/>
						<line number="190" hits="0"/>
						<line number="191" hits="0" branch="true" condition-coverage="0% (0/2)" missing-branches="192,195"/>
						<line number="192" hits="0"/>
						<line number="195" hits="0"/>
						<line number="196" hits="0"/>
						<line number="199" hits="1"/>
						<line number="203" hits="1"/>
						<line number="204" hits="1"/>
						<line number="205" hits="1"/>
						<line number="208" hits="1"/>
						<line number="216" hits="1"/>
						<line number="217" hits="1" branch="true" condition-coverage="50% (1/2)" missing-branches="218"/>
						<line number="218" hits="0"/>
						<line number="219" hits="0" branch="true" condition-coverage="0% (0/2)" missing-branches="220,221"/>
						<line number="220" hits="0"/>
						<line number="221" hits="0"/>
						<line number="222" hits="1" branch="true" condition-coverage="50% (1/2)" missing-branches="223"/>
						<line number="223" hits="0"/>
						<line number="224" hits="0" branch="true" condition-coverage="0% (0/2)" missing-branches="225,226"/>
						<line number="225" hits="0"/>
						<line number="226" hits="0" branch="true" condition-coverage="0% (0/2)" missing-branches="exit,227"/>
						<line number="227" hits="0"/>
						<line number="229" hits="1"/>
						<line number="230" hits="1" branch="true" condition-coverage="50% (1/2)" missing-branches="232"/>
						<line number="231" hits="1"/>
						<line number="232" hits="1"/>
						<line number="233" hits="1"/>
						<line number="234" hits="1"/>
						<line number="235" hits="1"/>
						<line number="236" hits="1"/>
						<line number="237" hits="1"/>
						<line number="239" hits="1"/>
						<line number="240" hits="1"/>
						<line number="241" hits="0"/>
						<line number="242" hits="0"/>
						<line number="243" hits="1"/>
						<line number="244" hits="1"/>
						<line number="245" hits="0"/>
						<line number="246" hits="0"/>
						<line number="247" hits="1"/>
						<line number="248" hits="1"/>
						<line number="249" hits="0"/>
						<line number="250" hits="0"/>
						<line number="251" hits="1"/>
						<line number="252" hits="1"/>
						<line number="253" hits="0"/>
						<line number="254" hits="0"/>
						<line number="255" hits="1"/>
						<line number="256" hits="1"/>
						<line number="257" hits="0"/>
						<line number="258" hits="0"/>
						<line number="259" hits="1"/>
						<line number="262" hits="1"/>
						<line number="268" hits="0"/>
						<line number="269" hits="0"/>
						<line number="274" hits="0"/>
						<line number="277" hits="1"/>
						<line number="281" hits="1" branch="true" condition-coverage="50% (1/2)" missing-branches="283"/>
						<line number="283" hits="0"/>
						<line number="285" hits="1"/>
						<line number="286" hits="1"/>
						<line number="288" hits="1"/>
						<line number="289" hits="1"/>
						<line number="290" hits="1"/>
						<line number="293" hits="1" branch="true" condition-coverage="50% (1/2)" missing-branches="294"/>
						<line number="294" hits="0"/>
						<line number="296" hits="1"/>
						<line number="297" hits="1"/>
						<line number="298" hits="1"/>
						<line number="299" hits="1"/>
						<line number="300" hits="1"/>
						<line number="301" hits="1"/>
						<line number="302" hits="1"/>
						<line number="303" hits="1"/>
						<line number="304" hits="1"/>
						<line number="310" hits="1"/>
						<line number="311" hits="1"/>
						<line number="312" hits="0"/>
						<line number="314" hits="1"/>
						<line number="315" hits="0"/>
						<line number="316" hits="0"/>
						<line number="317" hits="0"/>
						<line number="318" hits="0"/>
						<line number="321" hits="1"/>
						<line number="324" hits="1"/>
						<line number="326" hits="0"/>
						<line number="331" hits="1"/>
						<line number="336" hits="0"/>
						<line number="337" hits="0" branch="true" condition-coverage="0% (0/2)" missing-branches="338,344"/>
						<line number="338" hits="0" branch="true" condition-coverage="0% (0/2)" missing-branches="339,341"/>
						<line number="339" hits="0"/>
						<line number="340" hits="0"/>
						<line number="341" hits="0" branch="true" condition-coverage="0% (0/2)" missing-branches="337,342"/>
						<line number="342" hits="0"/>
						<line number="343" hits="0"/>
						<line number="344" hits="0" branch="true" condition-coverage="0% (0/2)" missing-branches="exit,345"/>
						<line number="345" hits="0"/>
						<line number="349" hits="1"/>
						<line number="354" hits="0"/>
						<line number="355" hits="0"/>
						<line number="357" hits="0"/>
						<line number="359" hits="0" branch="true" condition-coverage="0% (0/2)" missing-branches="exit,360"/>
						<line number="360" hits="0"/>
						<line number="363" hits="0"/>
						<line number="367" hits="0"/>
						<line number="368" hits="0" branch="true" condition-coverage="0% (0/2)" missing-branches="369,371"/>
						<line number="369" hits="0"/>
						<line number="371" hits="0"/>
						<line number="373" hits="0"/>
						<line number="377" hits="0"/>
						<line number="378" hits="0"/>
						<line number="379" hits="0" branch="true" condition-coverage="0% (0/2)" missing-branches="380,383"/>
						<line number="380" hits="0" branch="true" condition-coverage="0% (0/2)" missing-branches="379,381"/>
						<line number="381" hits="0" branch="true" condition-coverage="0% (0/2)" missing-branches="380,382"/>
						<line number="382" hits="0"/>
						<line number="383" hits="0"/>
						<line number="385" hits="0"/>
						<line number="389" hits="0"/>
						<line number="390" hits="0"/>
						<line number="391" hits="0" branch="true" condition-coverage="0% (0/2)" missing-branches="392,402"/>
						<line number="392" hits="0"/>
						<line number="393" hits="0" branch="true" condition-coverage="0% (0/2)" missing-branches="394,396"/>
						<line number="394" hits="0"/>
						<line number="396" hits="0" branch="true" condition-coverage="0% (0/2)" missing-branches="397,400"/>
						<line number="397" hits="0"/>
						<line number="398" hits="0"/>
						<line number="400" hits="0"/>
						<line number="401" hits="0"/>
						<line number="402" hits="0"/>
						<line number="404" hits="0"/>
						<line number="408" hits="0"/>
						<line number="410" hits="0"/>
						<line number="411" hits="0"/>
						<line number="412" hits="0"/>
						<line number="413" hits="0"/>
						<line number="414" hits="0"/>
						<line number="416" hits="0"/>
						<line number="420" hits="0"/>
						<line number="421" hits="0"/>
						<line number="422" hits="0" branch="true" condition-coverage="0% (0/2)" missing-branches="423,424"/>
						<line number="423" hits="0"/>
						<line number="424" hits="0"/>
						<line number="426" hits="0"/>
						<line number="427" hits="0"/>
						<line number="428" hits="0"/>
						<line number="429" hits="0"/>
						<line number="430" hits="0"/>
						<line number="431" hits="0"/>
						<line number="433" hits="0"/>
						<line number="434" hits="0"/>
						<line number="435" hits="0"/>
						<line number="436" hits="0" branch="true" condition-coverage="0% (0/2)" missing-branches="437,442"/>
						<line number="437" hits="0"/>
						<line number="438" hits="0" branch="true" condition-coverage="0% (0/2)" missing-branches="436,439"/>
						<line number="439" hits="0"/>
						<line number="442" hits="0"/>
						<line number="444" hits="0"/>
						<line number="450" hits="0"/>
						<line number="451" hits="0"/>
					</lines>
				</class>
				<class name="pyparsing.py" filename="/usr/lib/python3.10/site-packages/pyparsing.py" complexity="0" line-rate="0.4781" branch-rate="0.2611">
					<methods/>
					<lines>
						<line number="26" hits="1"/>
						<line number="98" hits="1"/>
						<line number="99" hits="1"/>
						<line number="100" hits="1"/>
						<line number="102" hits="1"/>
						<line number="103" hits="1"/>
						<line number="104" hits="1"/>
						<line number="105" hits="1"/>
						<line number="106" hits="1"/>
						<line number="107" hits="1"/>
						<line number="108" hits="1"/>
						<line number="109" hits="1"/>
						<line number="110" hits="1"/>
						<line number="111" hits="1"/>
						<line number="112" hits="1"/>
						<line number="113" hits="1"/>
						<line number="114" hits="1"/>
						<line number="115" hits="1"/>
						<line number="116" hits="1"/>
						<line number="117" hits="1"/>
						<line number="119" hits="1"/>
						<line number="121" hits="1"/>
						<line number="122" hits="0"/>
						<line number="123" hits="0"/>
						<line number="125" hits="1"/>
						<line number="126" hits="1"/>
						<line number="127" hits="0"/>
						<line number="128" hits="0"/>
						<line number="130" hits="1"/>
						<line number="132" hits="1"/>
						<line number="133" hits="1"/>
						<line number="134" hits="0"/>
						<line number="136" hits="0"/>
						<line number="137" hits="0"/>
						<line number="139" hits="1"/>
						<line number="140" hits="1"/>
						<line number="141" hits="0"/>
						<line number="142" hits="0"/>
						<line number="143" hits="0"/>
						<line number="144" hits="0"/>
						<line number="145" hits="0"/>
						<line number="147" hits="1"/>
						<line number="148" hits="1"/>
						<line number="149" hits="0"/>
						<line number="150" hits="0" branch="true" condition-coverage="0% (0/2)" missing-branches="exit,153"/>
						<line number="153" hits="1"/>
						<line number="154" hits="1"/>
						<line number="165" hits="1"/>
						<line number="167" hits="1"/>
						<line number="168" hits="1"/>
						<line number="183" hits="1"/>
						<line number="184" hits="1"/>
						<line number="185" hits="1"/>
						<line number="186" hits="1"/>
						<line number="187" hits="1"/>
						<line number="188" hits="1"/>
						<line number="190" hits="1"/>
						<line number="191" hits="0"/>
						<line number="192" hits="0"/>
						<line number="193" hits="0"/>
						<line number="194" hits="0"/>
						<line number="195" hits="1"/>
						<line number="198" hits="1"/>
						<line number="220" hits="1"/>
						<line number="221" hits="1"/>
						<line number="222" hits="1" branch="true" condition-coverage="50% (1/2)" missing-branches="233"/>
						<line number="223" hits="1"/>
						<line number="224" hits="1"/>
						<line number="225" hits="1"/>
						<line number="226" hits="1"/>
						<line number="227" hits="1"/>
						<line number="230" hits="1"/>
						<line number="233" hits="0"/>
						<line number="234" hits="0"/>
						<line number="236" hits="0"/>
						<line number="243" hits="0" branch="true" condition-coverage="0% (0/2)" missing-branches="244,246"/>
						<line number="244" hits="0"/>
						<line number="246" hits="0"/>
						<line number="249" hits="0"/>
						<line number="251" hits="0"/>
						<line number="253" hits="0"/>
						<line number="254" hits="0"/>
						<line number="255" hits="0"/>
						<line number="256" hits="0"/>
						<line number="259" hits="0"/>
						<line number="260" hits="0"/>
						<line number="262" hits="0" branch="true" condition-coverage="0% (0/2)" missing-branches="263,268"/>
						<line number="263" hits="0"/>
						<line number="264" hits="0"/>
						<line number="265" hits="0"/>
						<line number="266" hits="0"/>
						<line number="268" hits="1"/>
						<line number="270" hits="1"/>
						<line number="274" hits="0"/>
						<line number="275" hits="0"/>
						<line number="276" hits="0" branch="true" condition-coverage="0% (0/2)" missing-branches="277,278"/>
						<line number="277" hits="0"/>
						<line number="278" hits="0"/>
						<line number="280" hits="1"/>
						<line number="281" hits="1"/>
						<line number="282" hits="1"/>
						<line number="283" hits="1"/>
						<line number="284" hits="1"/>
						<line number="285" hits="1"/>
						<line number="288" hits="1"/>
						<line number="289" hits="1"/>
						<line number="290" hits="1"/>
						<line number="291" hits="1"/>
						<line number="293" hits="1"/>
						<line number="294" hits="1"/>
						<line number="295" hits="0" branch="true" condition-coverage="0% (0/2)" missing-branches="exit,296"/>
						<line number="296" hits="0"/>
						<line number="298" hits="1"/>
						<line number="300" hits="1"/>
						<line number="304" hits="1"/>
						<line number="305" hits="1"/>
						<line number="306" hits="1" branch="true" condition-coverage="50% (1/2)" missing-branches="307"/>
						<line number="307" hits="0"/>
						<line number="308" hits="0"/>
						<line number="310" hits="1"/>
						<line number="311" hits="1"/>
						<line number="312" hits="1"/>
						<line number="313" hits="1"/>
						<line number="315" hits="1"/>
						<line number="316" hits="1"/>
						<line number="321" hits="0"/>
						<line number="323" hits="1"/>
						<line number="329" hits="0" branch="true" condition-coverage="0% (0/2)" missing-branches="330,331"/>
						<line number="330" hits="0"/>
						<line number="331" hits="0" branch="true" condition-coverage="0% (0/2)" missing-branches="332,333"/>
						<line number="332" hits="0"/>
						<line number="333" hits="0" branch="true" condition-coverage="0% (0/2)" missing-branches="334,336"/>
						<line number="334" hits="0"/>
						<line number="336" hits="0"/>
						<line number="338" hits="1"/>
						<line number="339" hits="0" branch="true" condition-coverage="0% (0/2)" missing-branches="340,345"/>
						<line number="340" hits="0" branch="true" condition-coverage="0% (0/2)" missing-branches="341,343"/>
						<line number="341" hits="0"/>
						<line number="343" hits="0"/>
						<line number="345" hits="0"/>
						<line number="346" hits="0"/>
						<line number="348" hits="1"/>
						<line number="349" hits="0"/>
						<line number="350" hits="1"/>
						<line number="354" hits="0"/>
						<line number="355" hits="0"/>
						<line number="356" hits="0" branch="true" condition-coverage="0% (0/2)" missing-branches="357,359"/>
						<line number="357" hits="0"/>
						<line number="359" hits="0"/>
						<line number="360" hits="1"/>
						<line number="361" hits="0"/>
						<line number="363" hits="1"/>
						<line number="386" hits="1"/>
						<line number="387" hits="1"/>
						<line number="410" hits="0"/>
						<line number="412" hits="0" branch="true" condition-coverage="0% (0/2)" missing-branches="413,414"/>
						<line number="413" hits="0"/>
						<line number="414" hits="0"/>
						<line number="415" hits="0" branch="true" condition-coverage="0% (0/2)" missing-branches="416,418"/>
						<line number="416" hits="0"/>
						<line number="417" hits="0"/>
						<line number="418" hits="0"/>
						<line number="420" hits="0" branch="true" condition-coverage="0% (0/2)" missing-branches="421,453"/>
						<line number="421" hits="0"/>
						<line number="422" hits="0"/>
						<line number="423" hits="0" branch="true" condition-coverage="0% (0/2)" missing-branches="424,453"/>
						<line number="424" hits="0"/>
						<line number="426" hits="0"/>
						<line number="427" hits="0" branch="true" condition-coverage="0% (0/2)" missing-branches="428,438"/>
						<line number="428" hits="0" branch="true" condition-coverage="0% (0/2)" missing-branches="429,430"/>
						<line number="429" hits="0"/>
						<line number="430" hits="0" branch="true" condition-coverage="0% (0/2)" missing-branches="431,432"/>
						<line number="431" hits="0"/>
						<line number="432" hits="0"/>
						<line number="434" hits="0"/>
						<line number="435" hits="0"/>
						<line number="438" hits="0" branch="true" condition-coverage="0% (0/2)" missing-branches="439,443"/>
						<line number="439" hits="0"/>
						<line number="440" hits="0"/>
						<line number="443" hits="0"/>
						<line number="444" hits="0" branch="true" condition-coverage="0% (0/2)" missing-branches="445,447"/>
						<line number="445" hits="0"/>
						<line number="447" hits="0"/>
						<line number="449" hits="0"/>
						<line number="450" hits="0" branch="true" condition-coverage="0% (0/2)" missing-branches="423,451"/>
						<line number="451" hits="0"/>
						<line number="453" hits="0"/>
						<line number="456" hits="1"/>
						<line number="459" hits="1"/>
						<line number="461" hits="1"/>
						<line number="467" hits="1"/>
						<line number="482" hits="1"/>
						<line number="486" hits="1"/>
						<line number="487" hits="0"/>
						<line number="489" hits="1"/>
						<line number="490" hits="0"/>
						<line number="492" hits="1"/>
						<line number="493" hits="1"/>
						<line number="494" hits="1"/>
						<line number="495" hits="1"/>
						<line number="496" hits="1"/>
						<line number="497" hits="1"/>
						<line number="498" hits="0"/>
						<line number="499" hits="1"/>
						<line number="500" hits="0"/>
						<line number="502" hits="1"/>
						<line number="545" hits="1"/>
						<line number="546" hits="1" branch="true" condition-coverage="100% (2/2)"/>
						<line number="547" hits="1"/>
						<line number="548" hits="1"/>
						<line number="549" hits="1"/>
						<line number="550" hits="1"/>
						<line number="554" hits="1"/>
						<line number="555" hits="1" branch="true" condition-coverage="100% (2/2)"/>
						<line number="556" hits="1"/>
						<line number="557" hits="1"/>
						<line number="558" hits="1"/>
						<line number="559" hits="1"/>
						<line number="560" hits="1"/>
						<line number="561" hits="1"/>
						<line number="562" hits="1" branch="true" condition-coverage="50% (1/2)" missing-branches="563"/>
						<line number="563" hits="0"/>
						<line number="564" hits="1" branch="true" condition-coverage="100% (2/2)"/>
						<line number="565" hits="1"/>
						<line number="566" hits="1" branch="true" condition-coverage="50% (1/2)" missing-branches="567"/>
						<line number="567" hits="0"/>
						<line number="569" hits="1"/>
						<line number="570" hits="1"/>
						<line number="572" hits="1" branch="true" condition-coverage="100% (2/2)"/>
						<line number="573" hits="1" branch="true" condition-coverage="100% (2/2)"/>
						<line number="574" hits="1"/>
						<line number="575" hits="1" branch="true" condition-coverage="50% (1/2)" missing-branches="576"/>
						<line number="576" hits="0"/>
						<line number="577" hits="1"/>
						<line number="578" hits="1" branch="true" condition-coverage="100% (2/2)"/>
						<line number="579" hits="1" branch="true" condition-coverage="50% (1/2)" missing-branches="580"/>
						<line number="580" hits="0"/>
						<line number="581" hits="1" branch="true" condition-coverage="100% (2/2)"/>
						<line number="582" hits="1" branch="true" condition-coverage="100% (2/2)"/>
						<line number="583" hits="1"/>
						<line number="585" hits="1"/>
						<line number="586" hits="1"/>
						<line number="588" hits="1"/>
						<line number="589" hits="1"/>
						<line number="590" hits="0"/>
						<line number="591" hits="0"/>
						<line number="593" hits="1"/>
						<line number="594" hits="1" branch="true" condition-coverage="100% (2/2)"/>
						<line number="595" hits="1"/>
						<line number="597" hits="1" branch="true" condition-coverage="100% (2/2)"/>
						<line number="598" hits="1"/>
						<line number="600" hits="1"/>
						<line number="602" hits="1"/>
						<line number="603" hits="1" branch="true" condition-coverage="100% (2/2)"/>
						<line number="604" hits="1"/>
						<line number="605" hits="1"/>
						<line number="606" hits="1" branch="true" condition-coverage="50% (1/2)" missing-branches="607"/>
						<line number="607" hits="0"/>
						<line number="608" hits="0"/>
						<line number="610" hits="1"/>
						<line number="611" hits="1"/>
						<line number="612" hits="1" branch="true" condition-coverage="100% (2/2)"/>
						<line number="613" hits="1"/>
						<line number="615" hits="1"/>
						<line number="616" hits="0" branch="true" condition-coverage="0% (0/2)" missing-branches="617,634"/>
						<line number="617" hits="0"/>
						<line number="618" hits="0"/>
						<line number="621" hits="0" branch="true" condition-coverage="0% (0/2)" missing-branches="622,626"/>
						<line number="622" hits="0" branch="true" condition-coverage="0% (0/2)" missing-branches="623,624"/>
						<line number="623" hits="0"/>
						<line number="624" hits="0"/>
						<line number="626" hits="0"/>
						<line number="627" hits="0"/>
						<line number="629" hits="0" branch="true" condition-coverage="0% (0/2)" missing-branches="exit,630"/>
						<line number="630" hits="0" branch="true" condition-coverage="0% (0/2)" missing-branches="629,631"/>
						<line number="631" hits="0" branch="true" condition-coverage="0% (0/2)" missing-branches="630,632"/>
						<line number="632" hits="0"/>
						<line number="634" hits="0"/>
						<line number="636" hits="1"/>
						<line number="637" hits="1"/>
						<line number="639" hits="1"/>
						<line number="640" hits="1"/>
						<line number="642" hits="1"/>
						<line number="643" hits="1"/>
						<line number="644" hits="1"/>
						<line number="646" hits="1"/>
						<line number="647" hits="1"/>
						<line number="649" hits="1"/>
						<line number="650" hits="0"/>
						<line number="652" hits="1"/>
						<line number="653" hits="0" branch="true" condition-coverage="0% (0/2)" missing-branches="654,656"/>
						<line number="654" hits="0"/>
						<line number="656" hits="0"/>
						<line number="658" hits="1"/>
						<line number="659" hits="0"/>
						<line number="661" hits="1"/>
						<line number="662" hits="0"/>
						<line number="664" hits="1" branch="true" condition-coverage="50% (1/2)" missing-branches="675"/>
						<line number="665" hits="1"/>
						<line number="666" hits="1"/>
						<line number="668" hits="1"/>
						<line number="669" hits="1"/>
						<line number="671" hits="1"/>
						<line number="672" hits="1"/>
						<line number="675" hits="0"/>
						<line number="676" hits="0"/>
						<line number="678" hits="0"/>
						<line number="679" hits="0"/>
						<line number="681" hits="0"/>
						<line number="682" hits="0"/>
						<line number="684" hits="0"/>
						<line number="686" hits="0"/>
						<line number="688" hits="0"/>
						<line number="690" hits="0"/>
						<line number="692" hits="0"/>
						<line number="694" hits="0"/>
						<line number="696" hits="1"/>
						<line number="699" hits="1"/>
						<line number="701" hits="1"/>
						<line number="738" hits="0" branch="true" condition-coverage="0% (0/2)" missing-branches="739,740"/>
						<line number="739" hits="0"/>
						<line number="740" hits="0" branch="true" condition-coverage="0% (0/2)" missing-branches="741,745"/>
						<line number="741" hits="0" branch="true" condition-coverage="0% (0/2)" missing-branches="742,744"/>
						<line number="742" hits="0"/>
						<line number="744" hits="0"/>
						<line number="745" hits="0" branch="true" condition-coverage="0% (0/2)" missing-branches="748,753"/>
						<line number="748" hits="0"/>
						<line number="749" hits="0"/>
						<line number="750" hits="0"/>
						<line number="751" hits="0"/>
						<line number="753" hits="0"/>
						<line number="754" hits="0"/>
						<line number="756" hits="1"/>
						<line number="774" hits="1" branch="true" condition-coverage="100% (2/2)"/>
						<line number="775" hits="1"/>
						<line number="777" hits="1"/>
						<line number="779" hits="1"/>
						<line number="794" hits="0"/>
						<line number="796" hits="0" branch="true" condition-coverage="0% (0/2)" missing-branches="exit,797"/>
						<line number="797" hits="0" branch="true" condition-coverage="0% (0/2)" missing-branches="796,798"/>
						<line number="798" hits="0"/>
						<line number="800" hits="1"/>
						<line number="813" hits="0"/>
						<line number="815" hits="1"/>
						<line number="829" hits="0" branch="true" condition-coverage="0% (0/2)" missing-branches="830,832"/>
						<line number="830" hits="0"/>
						<line number="832" hits="0"/>
						<line number="834" hits="1"/>
						<line number="838" hits="0"/>
						<line number="839" hits="0"/>
						<line number="841" hits="1"/>
						<line number="842" hits="1"/>
						<line number="843" hits="1"/>
						<line number="844" hits="0"/>
						<line number="845" hits="0"/>
						<line number="847" hits="1"/>
						<line number="848" hits="0"/>
						<line number="849" hits="0"/>
						<line number="850" hits="0"/>
						<line number="852" hits="1"/>
						<line number="853" hits="1" branch="true" condition-coverage="100% (2/2)"/>
						<line number="854" hits="1"/>
						<line number="855" hits="1"/>
						<line number="856" hits="1"/>
						<line number="857" hits="1"/>
						<line number="859" hits="1" branch="true" condition-coverage="100% (2/2)"/>
						<line number="860" hits="1"/>
						<line number="861" hits="1" branch="true" condition-coverage="100% (2/2)"/>
						<line number="862" hits="1"/>
						<line number="864" hits="1"/>
						<line number="865" hits="1"/>
						<line number="866" hits="1"/>
						<line number="868" hits="1"/>
						<line number="869" hits="0" branch="true" condition-coverage="0% (0/2)" missing-branches="871,874"/>
						<line number="871" hits="0"/>
						<line number="874" hits="0"/>
						<line number="876" hits="1"/>
						<line number="877" hits="0"/>
						<line number="879" hits="1"/>
						<line number="880" hits="0"/>
						<line number="882" hits="1"/>
						<line number="883" hits="0"/>
						<line number="884" hits="0" branch="true" condition-coverage="0% (0/2)" missing-branches="885,891"/>
						<line number="885" hits="0" branch="true" condition-coverage="0% (0/2)" missing-branches="886,887"/>
						<line number="886" hits="0"/>
						<line number="887" hits="0" branch="true" condition-coverage="0% (0/2)" missing-branches="888,890"/>
						<line number="888" hits="0"/>
						<line number="890" hits="0"/>
						<line number="891" hits="0"/>
						<line number="893" hits="1"/>
						<line number="908" hits="1"/>
						<line number="910" hits="1"/>
						<line number="930" hits="0" branch="true" condition-coverage="0% (0/2)" missing-branches="931,933"/>
						<line number="931" hits="0"/>
						<line number="933" hits="0"/>
						<line number="935" hits="0"/>
						<line number="936" hits="0" branch="true" condition-coverage="0% (0/2)" missing-branches="937,942"/>
						<line number="937" hits="0" branch="true" condition-coverage="0% (0/2)" missing-branches="938,940"/>
						<line number="938" hits="0"/>
						<line number="940" hits="0"/>
						<line number="942" hits="0"/>
						<line number="944" hits="0"/>
						<line number="946" hits="1"/>
						<line number="950" hits="1"/>
						<line number="951" hits="1"/>
						<line number="952" hits="1"/>
						<line number="953" hits="1"/>
						<line number="954" hits="1"/>
						<line number="955" hits="1"/>
						<line number="957" hits="1"/>
						<line number="961" hits="0"/>
						<line number="962" hits="0"/>
						<line number="963" hits="0"/>
						<line number="965" hits="0"/>
						<line number="968" hits="0" branch="true" condition-coverage="0% (0/2)" missing-branches="969,973"/>
						<line number="969" hits="0"/>
						<line number="970" hits="0"/>
						<line number="971" hits="0"/>
						<line number="973" hits="0"/>
						<line number="974" hits="0" branch="true" condition-coverage="0% (0/2)" missing-branches="975,977"/>
						<line number="975" hits="0"/>
						<line number="977" hits="0" branch="true" condition-coverage="0% (0/2)" missing-branches="978,980"/>
						<line number="978" hits="0"/>
						<line number="980" hits="0" branch="true" condition-coverage="0% (0/2)" missing-branches="981,986"/>
						<line number="981" hits="0" branch="true" condition-coverage="0% (0/2)" missing-branches="982,984"/>
						<line number="982" hits="0"/>
						<line number="984" hits="0"/>
						<line number="986" hits="0"/>
						<line number="988" hits="0" branch="true" condition-coverage="0% (0/2)" missing-branches="989,1015"/>
						<line number="989" hits="0" branch="true" condition-coverage="0% (0/2)" missing-branches="990,1002"/>
						<line number="990" hits="0" branch="true" condition-coverage="0% (0/2)" missing-branches="991,996"/>
						<line number="991" hits="0"/>
						<line number="996" hits="0"/>
						<line number="1002" hits="0"/>
						<line number="1003" hits="0" branch="true" condition-coverage="0% (0/2)" missing-branches="1004,1005"/>
						<line number="1004" hits="0"/>
						<line number="1005" hits="0" branch="true" condition-coverage="0% (0/2)" missing-branches="1006,1010"/>
						<line number="1006" hits="0" branch="true" condition-coverage="0% (0/2)" missing-branches="1007,1009"/>
						<line number="1007" hits="0"/>
						<line number="1009" hits="0"/>
						<line number="1010" hits="0"/>
						<line number="1011" hits="0"/>
						<line number="1015" hits="0"/>
						<line number="1016" hits="0"/>
						<line number="1018" hits="1"/>
						<line number="1019" hits="0" branch="true" condition-coverage="0% (0/2)" missing-branches="1020,1023"/>
						<line number="1020" hits="0" branch="true" condition-coverage="0% (0/2)" missing-branches="1019,1021"/>
						<line number="1021" hits="0" branch="true" condition-coverage="0% (0/2)" missing-branches="1020,1022"/>
						<line number="1022" hits="0"/>
						<line number="1023" hits="0"/>
						<line number="1025" hits="1"/>
						<line number="1050" hits="0" branch="true" condition-coverage="0% (0/2)" missing-branches="1051,1052"/>
						<line number="1051" hits="0"/>
						<line number="1052" hits="0" branch="true" condition-coverage="0% (0/2)" missing-branches="1053,1058"/>
						<line number="1053" hits="0"/>
						<line number="1054" hits="0" branch="true" condition-coverage="0% (0/2)" missing-branches="1055,1057"/>
						<line number="1055" hits="0"/>
						<line number="1057" hits="0"/>
						<line number="1058" hits="0" branch="true" condition-coverage="0% (0/2)" missing-branches="1061,1063"/>
						<line number="1061" hits="0"/>
						<line number="1063" hits="0"/>
						<line number="1065" hits="1"/>
						<line number="1086" hits="0"/>
						<line number="1087" hits="0"/>
						<line number="1088" hits="0" branch="true" condition-coverage="0% (0/2)" missing-branches="1089,1091"/>
						<line number="1089" hits="0"/>
						<line number="1091" hits="0"/>
						<line number="1093" hits="0" branch="true" condition-coverage="0% (0/2)" missing-branches="1094,1128"/>
						<line number="1094" hits="0" branch="true" condition-coverage="0% (0/2)" missing-branches="1095,1107"/>
						<line number="1095" hits="0"/>
						<line number="1096" hits="0" branch="true" condition-coverage="0% (0/2)" missing-branches="1097,1128"/>
						<line number="1097" hits="0" branch="true" condition-coverage="0% (0/2)" missing-branches="1098,1099"/>
						<line number="1098" hits="0"/>
						<line number="1099" hits="0"/>
						<line number="1100" hits="0" branch="true" condition-coverage="0% (0/2)" missing-branches="1101,1106"/>
						<line number="1101" hits="0" branch="true" condition-coverage="0% (0/2)" missing-branches="1102,1104"/>
						<line number="1102" hits="0"/>
						<line number="1104" hits="0"/>
						<line number="1106" hits="0"/>
						<line number="1107" hits="0" branch="true" condition-coverage="0% (0/2)" missing-branches="1108,1128"/>
						<line number="1108" hits="0"/>
						<line number="1109" hits="0" branch="true" condition-coverage="0% (0/2)" missing-branches="1110,1128"/>
						<line number="1110" hits="0" branch="true" condition-coverage="0% (0/2)" missing-branches="1111,1121"/>
						<line number="1111" hits="0"/>
						<line number="1121" hits="0"/>
						<line number="1128" hits="0"/>
						<line number="1130" hits="1"/>
						<line number="1155" hits="0"/>
						<line number="1158" hits="1"/>
						<line number="1159" hits="0"/>
						<line number="1165" hits="1"/>
						<line number="1166" hits="0"/>
						<line number="1167" hits="0"/>
						<line number="1168" hits="0"/>
						<line number="1169" hits="0"/>
						<line number="1170" hits="0" branch="true" condition-coverage="0% (0/2)" missing-branches="1171,1173"/>
						<line number="1171" hits="0"/>
						<line number="1173" hits="0"/>
						<line number="1175" hits="1"/>
						<line number="1176" hits="0"/>
						<line number="1178" hits="1"/>
						<line number="1179" hits="0"/>
						<line number="1181" hits="1"/>
						<line number="1182" hits="1"/>
						<line number="1188" hits="0"/>
						<line number="1189" hits="0"/>
						<line number="1190" hits="0"/>
						<line number="1191" hits="0"/>
						<line number="1192" hits="0"/>
						<line number="1194" hits="0" branch="true" condition-coverage="0% (0/2)" missing-branches="1195,1197"/>
						<line number="1195" hits="0"/>
						<line number="1197" hits="0"/>
						<line number="1199" hits="0"/>
						<line number="1200" hits="0" branch="true" condition-coverage="0% (0/2)" missing-branches="1201,1205"/>
						<line number="1201" hits="0" branch="true" condition-coverage="0% (0/2)" missing-branches="1202,1204"/>
						<line number="1202" hits="0"/>
						<line number="1204" hits="0"/>
						<line number="1205" hits="0" branch="true" condition-coverage="0% (0/2)" missing-branches="1206,1207"/>
						<line number="1206" hits="0"/>
						<line number="1207" hits="0"/>
						<line number="1209" hits="1"/>
						<line number="1211" hits="1"/>
						<line number="1222" hits="0"/>
						<line number="1223" hits="0"/>
						<line number="1225" hits="1"/>
						<line number="1235" hits="0"/>
						<line number="1237" hits="1"/>
						<line number="1240" hits="0"/>
						<line number="1241" hits="0"/>
						<line number="1242" hits="0" branch="true" condition-coverage="0% (0/2)" missing-branches="1243,1245"/>
						<line number="1243" hits="0"/>
						<line number="1245" hits="0"/>
						<line number="1247" hits="1"/>
						<line number="1248" hits="0"/>
						<line number="1250" hits="1"/>
						<line number="1251" hits="0"/>
						<line number="1253" hits="1"/>
						<line number="1254" hits="0"/>
						<line number="1256" hits="1"/>
						<line number="1258" hits="0"/>
						<line number="1282" hits="1"/>
						<line number="1283" hits="1"/>
						<line number="1284" hits="1" branch="true" condition-coverage="100% (2/2)"/>
						<line number="1285" hits="1"/>
						<line number="1286" hits="1"/>
						<line number="1287" hits="1"/>
						<line number="1290" hits="1" branch="true" condition-coverage="50% (1/2)" missing-branches="1301"/>
						<line number="1291" hits="1"/>
						<line number="1293" hits="1"/>
						<line number="1294" hits="1"/>
						<line number="1295" hits="1"/>
						<line number="1296" hits="1"/>
						<line number="1297" hits="1"/>
						<line number="1298" hits="1"/>
						<line number="1299" hits="1"/>
						<line number="1301" hits="0"/>
						<line number="1302" hits="0"/>
						<line number="1307" hits="1"/>
						<line number="1310" hits="1"/>
						<line number="1311" hits="1"/>
						<line number="1313" hits="1"/>
						<line number="1314" hits="1"/>
						<line number="1315" hits="1"/>
						<line number="1316" hits="1"/>
						<line number="1317" hits="1"/>
						<line number="1318" hits="1"/>
						<line number="1319" hits="1"/>
						<line number="1321" hits="1" branch="true" condition-coverage="50% (1/2)" missing-branches="1322"/>
						<line number="1322" hits="0"/>
						<line number="1324" hits="1"/>
						<line number="1325" hits="1"/>
						<line number="1326" hits="1" branch="true" condition-coverage="50% (1/2)" missing-branches="1327"/>
						<line number="1327" hits="0"/>
						<line number="1329" hits="1"/>
						<line number="1330" hits="1"/>
						<line number="1331" hits="0"/>
						<line number="1332" hits="0"/>
						<line number="1334" hits="1" branch="true" condition-coverage="50% (1/2)" missing-branches="1337"/>
						<line number="1335" hits="1"/>
						<line number="1336" hits="1"/>
						<line number="1337" hits="0"/>
						<line number="1340" hits="1"/>
						<line number="1341" hits="1"/>
						<line number="1342" hits="1"/>
						<line number="1344" hits="0"/>
						<line number="1345" hits="0"/>
						<line number="1346" hits="1"/>
						<line number="1348" hits="1"/>
						<line number="1351" hits="1"/>
						<line number="1353" hits="1"/>
						<line number="1354" hits="1"/>
						<line number="1356" hits="1"/>
						<line number="1357" hits="1"/>
						<line number="1370" hits="0"/>
						<line number="1372" hits="1"/>
						<line number="1373" hits="1"/>
						<line number="1392" hits="0"/>
						<line number="1394" hits="1"/>
						<line number="1395" hits="1"/>
						<line number="1396" hits="0" branch="true" condition-coverage="0% (0/2)" missing-branches="1397,1398"/>
						<line number="1397" hits="0"/>
						<line number="1398" hits="0"/>
						<line number="1400" hits="1"/>
						<line number="1401" hits="1"/>
						<line number="1402" hits="1"/>
						<line number="1404" hits="1"/>
						<line number="1405" hits="1"/>
						<line number="1406" hits="1"/>
						<line number="1407" hits="1"/>
						<line number="1408" hits="1"/>
						<line number="1409" hits="1"/>
						<line number="1410" hits="1"/>
						<line number="1411" hits="1"/>
						<line number="1412" hits="1"/>
						<line number="1413" hits="1"/>
						<line number="1414" hits="1"/>
						<line number="1415" hits="1"/>
						<line number="1416" hits="1"/>
						<line number="1417" hits="1"/>
						<line number="1418" hits="1"/>
						<line number="1419" hits="1"/>
						<line number="1420" hits="1"/>
						<line number="1421" hits="1"/>
						<line number="1423" hits="1"/>
						<line number="1445" hits="1"/>
						<line number="1446" hits="1"/>
						<line number="1447" hits="1"/>
						<line number="1448" hits="1" branch="true" condition-coverage="100% (2/2)"/>
						<line number="1449" hits="1"/>
						<line number="1450" hits="1"/>
						<line number="1452" hits="1"/>
						<line number="1461" hits="1"/>
						<line number="1462" hits="1"/>
						<line number="1463" hits="1" branch="true" condition-coverage="50% (1/2)" missing-branches="1464"/>
						<line number="1464" hits="0"/>
						<line number="1465" hits="1"/>
						<line number="1467" hits="1"/>
						<line number="1488" hits="1"/>
						<line number="1490" hits="1"/>
						<line number="1491" hits="1"/>
						<line number="1492" hits="1" branch="true" condition-coverage="100% (2/2)"/>
						<line number="1493" hits="1"/>
						<line number="1494" hits="1"/>
						<line number="1495" hits="1"/>
						<line number="1496" hits="1"/>
						<line number="1497" hits="1"/>
						<line number="1499" hits="1"/>
						<line number="1504" hits="0" branch="true" condition-coverage="0% (0/2)" missing-branches="1505,1514"/>
						<line number="1505" hits="0"/>
						<line number="1506" hits="0"/>
						<line number="1507" hits="0"/>
						<line number="1509" hits="0"/>
						<line number="1510" hits="0"/>
						<line number="1511" hits="0"/>
						<line number="1512" hits="0"/>
						<line number="1514" hits="0" branch="true" condition-coverage="0% (0/2)" missing-branches="1515,1516"/>
						<line number="1515" hits="0"/>
						<line number="1516" hits="0"/>
						<line number="1518" hits="1"/>
						<line number="1558" hits="1" branch="true" condition-coverage="50% (1/2)" missing-branches="1559"/>
						<line number="1559" hits="0"/>
						<line number="1561" hits="1" branch="true" condition-coverage="50% (1/2)" missing-branches="1562"/>
						<line number="1562" hits="0"/>
						<line number="1563" hits="1"/>
						<line number="1564" hits="1"/>
						<line number="1565" hits="1"/>
						<line number="1567" hits="1"/>
						<line number="1573" hits="1"/>
						<line number="1574" hits="1"/>
						<line number="1575" hits="1"/>
						<line number="1577" hits="1"/>
						<line number="1595" hits="1" branch="true" condition-coverage="100% (2/2)"/>
						<line number="1596" hits="1"/>
						<line number="1599" hits="1"/>
						<line number="1600" hits="1"/>
						<line number="1602" hits="1"/>
						<line number="1612" hits="0"/>
						<line number="1613" hits="0"/>
						<line number="1615" hits="1"/>
						<line number="1616" hits="0"/>
						<line number="1617" hits="0" branch="true" condition-coverage="0% (0/2)" missing-branches="1618,1626"/>
						<line number="1618" hits="0"/>
						<line number="1619" hits="0" branch="true" condition-coverage="0% (0/2)" missing-branches="1617,1620"/>
						<line number="1620" hits="0"/>
						<line number="1621" hits="0"/>
						<line number="1622" hits="0"/>
						<line number="1623" hits="0"/>
						<line number="1624" hits="0"/>
						<line number="1625" hits="0"/>
						<line number="1626" hits="0"/>
						<line number="1628" hits="1"/>
						<line number="1629" hits="1" branch="true" condition-coverage="50% (1/2)" missing-branches="1630"/>
						<line number="1630" hits="0"/>
						<line number="1632" hits="1" branch="true" condition-coverage="100% (2/2)"/>
						<line number="1633" hits="1"/>
						<line number="1634" hits="1"/>
						<line number="1635" hits="1" branch="true" condition-coverage="100% (2/2)"/>
						<line number="1636" hits="1"/>
						<line number="1638" hits="1"/>
						<line number="1640" hits="1"/>
						<line number="1641" hits="1"/>
						<line number="1643" hits="1"/>
						<line number="1644" hits="1"/>
						<line number="1647" hits="1"/>
						<line number="1648" hits="1"/>
						<line number="1649" hits="1"/>
						<line number="1651" hits="1" branch="true" condition-coverage="50% (1/2)" missing-branches="1653"/>
						<line number="1653" hits="0" branch="true" condition-coverage="0% (0/2)" missing-branches="1654,1655"/>
						<line number="1654" hits="0"/>
						<line number="1655" hits="0"/>
						<line number="1656" hits="0" branch="true" condition-coverage="0% (0/2)" missing-branches="1657,1659"/>
						<line number="1657" hits="0"/>
						<line number="1659" hits="0"/>
						<line number="1660" hits="0"/>
						<line number="1661" hits="0" branch="true" condition-coverage="0% (0/2)" missing-branches="1662,1667"/>
						<line number="1662" hits="0"/>
						<line number="1663" hits="0"/>
						<line number="1664" hits="0"/>
						<line number="1665" hits="0"/>
						<line number="1667" hits="0"/>
						<line number="1668" hits="0"/>
						<line number="1670" hits="0" branch="true" condition-coverage="0% (0/2)" missing-branches="1671,1672"/>
						<line number="1671" hits="0"/>
						<line number="1672" hits="0" branch="true" condition-coverage="0% (0/2)" missing-branches="1673,1674"/>
						<line number="1673" hits="0"/>
						<line number="1674" hits="0"/>
						<line number="1676" hits="1" branch="true" condition-coverage="100% (2/2)"/>
						<line number="1677" hits="1"/>
						<line number="1679" hits="1"/>
						<line number="1680" hits="1"/>
						<line number="1681" hits="1" branch="true" condition-coverage="100% (2/2)"/>
						<line number="1682" hits="1"/>
						<line number="1683" hits="1"/>
						<line number="1684" hits="1"/>
						<line number="1685" hits="1"/>
						<line number="1687" hits="1"/>
						<line number="1689" hits="1"/>
						<line number="1691" hits="1"/>
						<line number="1692" hits="1" branch="true" condition-coverage="100% (2/2)"/>
						<line number="1693" hits="1" branch="true" condition-coverage="50% (1/2)" missing-branches="1694"/>
						<line number="1694" hits="0"/>
						<line number="1695" hits="0" branch="true" condition-coverage="0% (0/2)" missing-branches="1696,1727"/>
						<line number="1696" hits="0"/>
						<line number="1697" hits="0"/>
						<line number="1698" hits="0"/>
						<line number="1699" hits="0"/>
						<line number="1700" hits="0"/>
						<line number="1701" hits="0"/>
						<line number="1703" hits="0" branch="true" condition-coverage="0% (0/2)" missing-branches="1695,1704"/>
						<line number="1704" hits="0"/>
						<line number="1708" hits="0"/>
						<line number="1710" hits="0" branch="true" condition-coverage="0% (0/2)" missing-branches="1711,1712"/>
						<line number="1711" hits="0"/>
						<line number="1712" hits="0"/>
						<line number="1714" hits="1" branch="true" condition-coverage="100% (2/2)"/>
						<line number="1715" hits="1"/>
						<line number="1716" hits="1"/>
						<line number="1717" hits="0"/>
						<line number="1718" hits="0"/>
						<line number="1719" hits="0"/>
						<line number="1720" hits="0"/>
						<line number="1722" hits="1" branch="true" condition-coverage="50% (1/2)" missing-branches="1714"/>
						<line number="1723" hits="1"/>
						<line number="1727" hits="1" branch="true" condition-coverage="50% (1/2)" missing-branches="1729"/>
						<line number="1729" hits="0" branch="true" condition-coverage="0% (0/2)" missing-branches="1730,1732"/>
						<line number="1730" hits="0"/>
						<line number="1732" hits="1"/>
						<line number="1734" hits="1"/>
						<line number="1735" hits="0"/>
						<line number="1736" hits="0"/>
						<line number="1737" hits="0"/>
						<line number="1738" hits="0"/>
						<line number="1740" hits="1"/>
						<line number="1741" hits="0"/>
						<line number="1742" hits="0"/>
						<line number="1743" hits="0"/>
						<line number="1744" hits="0"/>
						<line number="1746" hits="0"/>
						<line number="1748" hits="1"/>
						<line number="1749" hits="1"/>
						<line number="1750" hits="0"/>
						<line number="1751" hits="0"/>
						<line number="1753" hits="0"/>
						<line number="1754" hits="0"/>
						<line number="1756" hits="0"/>
						<line number="1757" hits="0"/>
						<line number="1759" hits="0"/>
						<line number="1760" hits="0"/>
						<line number="1762" hits="0"/>
						<line number="1763" hits="0"/>
						<line number="1765" hits="0"/>
						<line number="1766" hits="0"/>
						<line number="1767" hits="0"/>
						<line number="1768" hits="0"/>
						<line number="1770" hits="1" branch="true" condition-coverage="50% (1/2)" missing-branches="1800"/>
						<line number="1771" hits="1"/>
						<line number="1772" hits="1"/>
						<line number="1773" hits="1"/>
						<line number="1775" hits="1"/>
						<line number="1777" hits="1"/>
						<line number="1778" hits="1"/>
						<line number="1780" hits="1"/>
						<line number="1781" hits="1"/>
						<line number="1782" hits="1" branch="true" condition-coverage="50% (1/2)" missing-branches="1783"/>
						<line number="1783" hits="0"/>
						<line number="1784" hits="0"/>
						<line number="1785" hits="0"/>
						<line number="1786" hits="0"/>
						<line number="1788" hits="1"/>
						<line number="1789" hits="1"/>
						<line number="1791" hits="1"/>
						<line number="1792" hits="0"/>
						<line number="1794" hits="1"/>
						<line number="1795" hits="1"/>
						<line number="1796" hits="1"/>
						<line number="1797" hits="1"/>
						<line number="1800" hits="0"/>
						<line number="1801" hits="0"/>
						<line number="1802" hits="0"/>
						<line number="1804" hits="0"/>
						<line number="1805" hits="0"/>
						<line number="1807" hits="0"/>
						<line number="1808" hits="0"/>
						<line number="1810" hits="0"/>
						<line number="1811" hits="0"/>
						<line number="1812" hits="0" branch="true" condition-coverage="0% (0/2)" missing-branches="1813,1814"/>
						<line number="1813" hits="0"/>
						<line number="1814" hits="0"/>
						<line number="1816" hits="0"/>
						<line number="1817" hits="0"/>
						<line number="1818" hits="0"/>
						<line number="1820" hits="0"/>
						<line number="1821" hits="0"/>
						<line number="1823" hits="0"/>
						<line number="1824" hits="0"/>
						<line number="1825" hits="0"/>
						<line number="1826" hits="0"/>
						<line number="1829" hits="1"/>
						<line number="1830" hits="1"/>
						<line number="1831" hits="1"/>
						<line number="1835" hits="1"/>
						<line number="1836" hits="1"/>
						<line number="1837" hits="1"/>
						<line number="1838" hits="1"/>
						<line number="1839" hits="1"/>
						<line number="1840" hits="1"/>
						<line number="1841" hits="1" branch="true" condition-coverage="100% (2/2)"/>
						<line number="1842" hits="1"/>
						<line number="1843" hits="1"/>
						<line number="1844" hits="1"/>
						<line number="1845" hits="1"/>
						<line number="1847" hits="1"/>
						<line number="1848" hits="1"/>
						<line number="1850" hits="1"/>
						<line number="1851" hits="1"/>
						<line number="1853" hits="1"/>
						<line number="1854" hits="1" branch="true" condition-coverage="50% (1/2)" missing-branches="1856"/>
						<line number="1855" hits="1"/>
						<line number="1856" hits="0"/>
						<line number="1858" hits="1"/>
						<line number="1860" hits="1"/>
						<line number="1861" hits="1"/>
						<line number="1862" hits="1"/>
						<line number="1863" hits="1"/>
						<line number="1865" hits="1"/>
						<line number="1866" hits="1"/>
						<line number="1867" hits="1"/>
						<line number="1893" hits="1" branch="true" condition-coverage="50% (1/2)" missing-branches="exit"/>
						<line number="1894" hits="1"/>
						<line number="1895" hits="1" branch="true" condition-coverage="50% (1/2)" missing-branches="1896"/>
						<line number="1896" hits="0"/>
						<line number="1898" hits="1"/>
						<line number="1899" hits="1"/>
						<line number="1901" hits="1"/>
						<line number="1934" hits="1"/>
						<line number="1935" hits="1" branch="true" condition-coverage="100% (2/2)"/>
						<line number="1936" hits="1"/>
						<line number="1938" hits="1" branch="true" condition-coverage="50% (1/2)" missing-branches="1939"/>
						<line number="1939" hits="0"/>
						<line number="1940" hits="1" branch="true" condition-coverage="50% (1/2)" missing-branches="1942"/>
						<line number="1941" hits="1"/>
						<line number="1942" hits="1"/>
						<line number="1943" hits="1"/>
						<line number="1944" hits="1" branch="true" condition-coverage="100% (2/2)"/>
						<line number="1945" hits="1"/>
						<line number="1946" hits="1"/>
						<line number="1947" hits="1"/>
						<line number="1948" hits="0"/>
						<line number="1949" hits="0" branch="true" condition-coverage="0% (0/2)" missing-branches="1950,1953"/>
						<line number="1950" hits="0"/>
						<line number="1953" hits="0" branch="true" condition-coverage="0% (0/2)" missing-branches="1954,1955"/>
						<line number="1954" hits="0"/>
						<line number="1955" hits="0"/>
						<line number="1957" hits="1"/>
						<line number="1959" hits="1"/>
						<line number="1990" hits="0" branch="true" condition-coverage="0% (0/2)" missing-branches="1991,1992"/>
						<line number="1991" hits="0"/>
						<line number="1992" hits="0" branch="true" condition-coverage="0% (0/2)" missing-branches="1993,1995"/>
						<line number="1993" hits="0"/>
						<line number="1995" hits="0" branch="true" condition-coverage="0% (0/2)" missing-branches="1996,1997"/>
						<line number="1996" hits="0"/>
						<line number="1997" hits="0"/>
						<line number="1998" hits="0"/>
						<line number="1999" hits="0"/>
						<line number="2000" hits="0"/>
						<line number="2001" hits="0"/>
						<line number="2002" hits="0"/>
						<line number="2003" hits="0"/>
						<line number="2004" hits="0" branch="true" condition-coverage="0% (0/2)" missing-branches="exit,2005"/>
						<line number="2005" hits="0"/>
						<line number="2006" hits="0"/>
						<line number="2007" hits="0"/>
						<line number="2008" hits="0"/>
						<line number="2009" hits="0"/>
						<line number="2011" hits="0" branch="true" condition-coverage="0% (0/2)" missing-branches="2012,2023"/>
						<line number="2012" hits="0"/>
						<line number="2013" hits="0"/>
						<line number="2014" hits="0" branch="true" condition-coverage="0% (0/2)" missing-branches="2015,2021"/>
						<line number="2015" hits="0"/>
						<line number="2016" hits="0" branch="true" condition-coverage="0% (0/2)" missing-branches="2017,2019"/>
						<line number="2017" hits="0"/>
						<line number="2019" hits="0"/>
						<line number="2021" hits="0"/>
						<line number="2023" hits="0"/>
						<line number="2024" hits="0"/>
						<line number="2025" hits="0" branch="true" condition-coverage="0% (0/2)" missing-branches="2026,2029"/>
						<line number="2026" hits="0"/>
						<line number="2029" hits="0" branch="true" condition-coverage="0% (0/2)" missing-branches="2030,2031"/>
						<line number="2030" hits="0"/>
						<line number="2031" hits="0"/>
						<line number="2033" hits="1"/>
						<line number="2053" hits="0"/>
						<line number="2054" hits="0"/>
						<line number="2057" hits="0"/>
						<line number="2058" hits="0"/>
						<line number="2059" hits="0" branch="true" condition-coverage="0% (0/2)" missing-branches="2060,2069"/>
						<line number="2060" hits="0"/>
						<line number="2061" hits="0" branch="true" condition-coverage="0% (0/2)" missing-branches="2062,2068"/>
						<line number="2062" hits="0" branch="true" condition-coverage="0% (0/2)" missing-branches="2063,2064"/>
						<line number="2063" hits="0"/>
						<line number="2064" hits="0" branch="true" condition-coverage="0% (0/2)" missing-branches="2065,2067"/>
						<line number="2065" hits="0"/>
						<line number="2067" hits="0"/>
						<line number="2068" hits="0"/>
						<line number="2069" hits="0"/>
						<line number="2070" hits="0"/>
						<line number="2071" hits="0"/>
						<line number="2072" hits="0"/>
						<line number="2073" hits="0" branch="true" condition-coverage="0% (0/2)" missing-branches="2074,2077"/>
						<line number="2074" hits="0"/>
						<line number="2077" hits="0" branch="true" condition-coverage="0% (0/2)" missing-branches="2078,2079"/>
						<line number="2078" hits="0"/>
						<line number="2079" hits="0"/>
						<line number="2081" hits="1"/>
						<line number="2102" hits="0"/>
						<line number="2103" hits="0"/>
						<line number="2104" hits="0"/>
						<line number="2105" hits="0" branch="true" condition-coverage="0% (0/2)" missing-branches="2106,2109"/>
						<line number="2106" hits="0"/>
						<line number="2109" hits="0" branch="true" condition-coverage="0% (0/2)" missing-branches="2110,2111"/>
						<line number="2110" hits="0"/>
						<line number="2111" hits="0"/>
						<line number="2113" hits="1"/>
						<line number="2129" hits="0"/>
						<line number="2130" hits="0"/>
						<line number="2131" hits="0" branch="true" condition-coverage="0% (0/2)" missing-branches="2132,2136"/>
						<line number="2132" hits="0"/>
						<line number="2133" hits="0" branch="true" condition-coverage="0% (0/2)" missing-branches="2134,2135"/>
						<line number="2134" hits="0"/>
						<line number="2135" hits="0"/>
						<line number="2136" hits="0"/>
						<line number="2138" hits="1"/>
						<line number="2165" hits="1" branch="true" condition-coverage="50% (1/2)" missing-branches="2166"/>
						<line number="2166" hits="0"/>
						<line number="2168" hits="1" branch="true" condition-coverage="100% (2/2)"/>
						<line number="2169" hits="1"/>
						<line number="2170" hits="1" branch="true" condition-coverage="50% (1/2)" missing-branches="2171"/>
						<line number="2171" hits="0"/>
						<line number="2173" hits="0"/>
						<line number="2174" hits="1"/>
						<line number="2176" hits="1"/>
						<line number="2180" hits="1" branch="true" condition-coverage="50% (1/2)" missing-branches="2181"/>
						<line number="2181" hits="0"/>
						<line number="2183" hits="1" branch="true" condition-coverage="50% (1/2)" missing-branches="2185"/>
						<line number="2184" hits="1"/>
						<line number="2185" hits="1" branch="true" condition-coverage="50% (1/2)" missing-branches="2186"/>
						<line number="2186" hits="0"/>
						<line number="2188" hits="0"/>
						<line number="2189" hits="1"/>
						<line number="2191" hits="1"/>
						<line number="2195" hits="1" branch="true" condition-coverage="50% (1/2)" missing-branches="2196"/>
						<line number="2196" hits="0"/>
						<line number="2197" hits="1" branch="true" condition-coverage="50% (1/2)" missing-branches="2198"/>
						<line number="2198" hits="0"/>
						<line number="2200" hits="0"/>
						<line number="2201" hits="1"/>
						<line number="2203" hits="1"/>
						<line number="2207" hits="1" branch="true" condition-coverage="50% (1/2)" missing-branches="2209"/>
						<line number="2208" hits="1"/>
						<line number="2209" hits="1" branch="true" condition-coverage="50% (1/2)" missing-branches="2210"/>
						<line number="2210" hits="0"/>
						<line number="2212" hits="0"/>
						<line number="2213" hits="1"/>
						<line number="2215" hits="1"/>
						<line number="2235" hits="1" branch="true" condition-coverage="50% (1/2)" missing-branches="2236"/>
						<line number="2236" hits="0"/>
						<line number="2237" hits="1" branch="true" condition-coverage="50% (1/2)" missing-branches="2238"/>
						<line number="2238" hits="0"/>
						<line number="2240" hits="1" branch="true" condition-coverage="100% (2/2)"/>
						<line number="2241" hits="1"/>
						<line number="2242" hits="1" branch="true" condition-coverage="50% (1/2)" missing-branches="2260"/>
						<line number="2243" hits="1"/>
						<line number="2244" hits="1"/>
						<line number="2245" hits="1" branch="true" condition-coverage="50% (1/2)" missing-branches="2246"/>
						<line number="2246" hits="0"/>
						<line number="2247" hits="1" branch="true" condition-coverage="50% (1/2)" missing-branches="2248"/>
						<line number="2248" hits="0" branch="true" condition-coverage="0% (0/2)" missing-branches="2249,2250"/>
						<line number="2249" hits="0"/>
						<line number="2250" hits="0" branch="true" condition-coverage="0% (0/2)" missing-branches="2251,2253"/>
						<line number="2251" hits="0"/>
						<line number="2253" hits="0"/>
						<line number="2254" hits="1" branch="true" condition-coverage="50% (1/2)" missing-branches="2258"/>
						<line number="2255" hits="1"/>
						<line number="2256" hits="1"/>
						<line number="2258" hits="0"/>
						<line number="2260" hits="0"/>
						<line number="2262" hits="1" branch="true" condition-coverage="50% (1/2)" missing-branches="2263"/>
						<line number="2263" hits="0"/>
						<line number="2264" hits="1" branch="true" condition-coverage="50% (1/2)" missing-branches="2265"/>
						<line number="2265" hits="0"/>
						<line number="2266" hits="1" branch="true" condition-coverage="50% (1/2)" missing-branches="2267"/>
						<line number="2267" hits="0"/>
						<line number="2269" hits="1" branch="true" condition-coverage="100% (2/2)"/>
						<line number="2270" hits="1"/>
						<line number="2271" hits="1" branch="true" condition-coverage="100% (2/2)"/>
						<line number="2272" hits="1"/>
						<line number="2274" hits="1"/>
						<line number="2275" hits="1" branch="true" condition-coverage="50% (1/2)" missing-branches="2276"/>
						<line number="2276" hits="0" branch="true" condition-coverage="0% (0/2)" missing-branches="2277,2279"/>
						<line number="2277" hits="0"/>
						<line number="2279" hits="0"/>
						<line number="2281" hits="1"/>
						<line number="2283" hits="1" branch="true" condition-coverage="50% (1/2)" missing-branches="2284"/>
						<line number="2284" hits="0"/>
						<line number="2286" hits="1"/>
						<line number="2287" hits="1"/>
						<line number="2289" hits="1"/>
						<line number="2290" hits="0"/>
						<line number="2292" hits="1"/>
						<line number="2296" hits="1" branch="true" condition-coverage="50% (1/2)" missing-branches="2297"/>
						<line number="2297" hits="0"/>
						<line number="2299" hits="1" branch="true" condition-coverage="50% (1/2)" missing-branches="2300"/>
						<line number="2300" hits="0"/>
						<line number="2301" hits="1" branch="true" condition-coverage="50% (1/2)" missing-branches="2302"/>
						<line number="2302" hits="0"/>
						<line number="2304" hits="0"/>
						<line number="2305" hits="1"/>
						<line number="2307" hits="1"/>
						<line number="2311" hits="0" branch="true" condition-coverage="0% (0/2)" missing-branches="2312,2313"/>
						<line number="2312" hits="0"/>
						<line number="2313" hits="0" branch="true" condition-coverage="0% (0/2)" missing-branches="2314,2317"/>
						<line number="2314" hits="0"/>
						<line number="2316" hits="0"/>
						<line number="2317" hits="0"/>
						<line number="2319" hits="1"/>
						<line number="2323" hits="0" branch="true" condition-coverage="0% (0/2)" missing-branches="2324,2325"/>
						<line number="2324" hits="0"/>
						<line number="2325" hits="0" branch="true" condition-coverage="0% (0/2)" missing-branches="2326,2329"/>
						<line number="2326" hits="0"/>
						<line number="2328" hits="0"/>
						<line number="2329" hits="0"/>
						<line number="2331" hits="1"/>
						<line number="2335" hits="0" branch="true" condition-coverage="0% (0/2)" missing-branches="2336,2337"/>
						<line number="2336" hits="0"/>
						<line number="2337" hits="0" branch="true" condition-coverage="0% (0/2)" missing-branches="2338,2341"/>
						<line number="2338" hits="0"/>
						<line number="2340" hits="0"/>
						<line number="2341" hits="0"/>
						<line number="2343" hits="1"/>
						<line number="2347" hits="0" branch="true" condition-coverage="0% (0/2)" missing-branches="2348,2349"/>
						<line number="2348" hits="0"/>
						<line number="2349" hits="0" branch="true" condition-coverage="0% (0/2)" missing-branches="2350,2353"/>
						<line number="2350" hits="0"/>
						<line number="2352" hits="0"/>
						<line number="2353" hits="0"/>
						<line number="2355" hits="1"/>
						<line number="2359" hits="0" branch="true" condition-coverage="0% (0/2)" missing-branches="2360,2361"/>
						<line number="2360" hits="0"/>
						<line number="2361" hits="0" branch="true" condition-coverage="0% (0/2)" missing-branches="2362,2365"/>
						<line number="2362" hits="0"/>
						<line number="2364" hits="0"/>
						<line number="2365" hits="0"/>
						<line number="2367" hits="1"/>
						<line number="2371" hits="1"/>
						<line number="2373" hits="1"/>
						<line number="2376" hits="0"/>
						<line number="2378" hits="1"/>
						<line number="2398" hits="0"/>
						<line number="2399" hits="0" branch="true" condition-coverage="0% (0/2)" missing-branches="2400,2401"/>
						<line number="2400" hits="0"/>
						<line number="2401" hits="0"/>
						<line number="2402" hits="0"/>
						<line number="2403" hits="0"/>
						<line number="2405" hits="0" branch="true" condition-coverage="0% (0/2)" missing-branches="2406,2411"/>
						<line number="2406" hits="0"/>
						<line number="2411" hits="0"/>
						<line number="2412" hits="0"/>
						<line number="2414" hits="1"/>
						<line number="2429" hits="1" branch="true" condition-coverage="100% (2/2)"/>
						<line number="2430" hits="1"/>
						<line number="2432" hits="1"/>
						<line number="2434" hits="1"/>
						<line number="2439" hits="1"/>
						<line number="2441" hits="1"/>
						<line number="2447" hits="1"/>
						<line number="2448" hits="1"/>
						<line number="2450" hits="1"/>
						<line number="2454" hits="1"/>
						<line number="2455" hits="1"/>
						<line number="2456" hits="1"/>
						<line number="2457" hits="1"/>
						<line number="2459" hits="1"/>
						<line number="2465" hits="0"/>
						<line number="2466" hits="0"/>
						<line number="2468" hits="1"/>
						<line number="2482" hits="0" branch="true" condition-coverage="0% (0/2)" missing-branches="2483,2485"/>
						<line number="2483" hits="0"/>
						<line number="2485" hits="0" branch="true" condition-coverage="0% (0/2)" missing-branches="2486,2489"/>
						<line number="2486" hits="0" branch="true" condition-coverage="0% (0/2)" missing-branches="2487,2490"/>
						<line number="2487" hits="0"/>
						<line number="2489" hits="0"/>
						<line number="2490" hits="0"/>
						<line number="2492" hits="1"/>
						<line number="2496" hits="0"/>
						<line number="2499" hits="0"/>
						<line number="2500" hits="0"/>
						<line number="2502" hits="1"/>
						<line number="2539" hits="0" branch="true" condition-coverage="0% (0/2)" missing-branches="2540,2542"/>
						<line number="2540" hits="0"/>
						<line number="2542" hits="0"/>
						<line number="2543" hits="0"/>
						<line number="2545" hits="1"/>
						<line number="2546" hits="1"/>
						<line number="2548" hits="1"/>
						<line number="2549" hits="0"/>
						<line number="2551" hits="1"/>
						<line number="2552" hits="1"/>
						<line number="2553" hits="1"/>
						<line number="2554" hits="1"/>
						<line number="2556" hits="1"/>
						<line number="2557" hits="0"/>
						<line number="2559" hits="1"/>
						<line number="2563" hits="0"/>
						<line number="2565" hits="1"/>
						<line number="2571" hits="0"/>
						<line number="2572" hits="0"/>
						<line number="2573" hits="0"/>
						<line number="2574" hits="0"/>
						<line number="2575" hits="0"/>
						<line number="2576" hits="0"/>
						<line number="2577" hits="0"/>
						<line number="2578" hits="0"/>
						<line number="2579" hits="0" branch="true" condition-coverage="0% (0/2)" missing-branches="2580,2583"/>
						<line number="2580" hits="0"/>
						<line number="2583" hits="0" branch="true" condition-coverage="0% (0/2)" missing-branches="2584,2585"/>
						<line number="2584" hits="0"/>
						<line number="2585" hits="0"/>
						<line number="2587" hits="1"/>
						<line number="2588" hits="1" branch="true" condition-coverage="50% (1/2)" missing-branches="2589"/>
						<line number="2589" hits="0"/>
						<line number="2590" hits="1" branch="true" condition-coverage="50% (1/2)" missing-branches="2591"/>
						<line number="2591" hits="0"/>
						<line number="2592" hits="1" branch="true" condition-coverage="50% (1/2)" missing-branches="2593"/>
						<line number="2593" hits="0"/>
						<line number="2594" hits="1"/>
						<line number="2596" hits="1"/>
						<line number="2597" hits="0"/>
						<line number="2599" hits="1"/>
						<line number="2600" hits="1"/>
						<line number="2602" hits="1"/>
						<line number="2603" hits="0"/>
						<line number="2605" hits="1"/>
						<line number="2606" hits="0"/>
						<line number="2608" hits="1"/>
						<line number="2622" hits="0"/>
						<line number="2623" hits="0"/>
						<line number="2624" hits="0"/>
						<line number="2625" hits="0"/>
						<line number="2626" hits="0"/>
						<line number="2628" hits="1"/>
						<line number="2724" hits="0" branch="true" condition-coverage="0% (0/2)" missing-branches="2725,2726"/>
						<line number="2725" hits="0"/>
						<line number="2726" hits="0" branch="true" condition-coverage="0% (0/2)" missing-branches="2727,2728"/>
						<line number="2727" hits="0"/>
						<line number="2728" hits="0" branch="true" condition-coverage="0% (0/2)" missing-branches="2729,2730"/>
						<line number="2729" hits="0"/>
						<line number="2730" hits="0"/>
						<line number="2732" hits="0"/>
						<line number="2733" hits="0"/>
						<line number="2734" hits="0"/>
						<line number="2735" hits="0"/>
						<line number="2736" hits="0"/>
						<line number="2737" hits="0" branch="true" condition-coverage="0% (0/2)" missing-branches="2738,2788"/>
						<line number="2738" hits="0" branch="true" condition-coverage="0% (0/2)" missing-branches="2739,2741"/>
						<line number="2739" hits="0"/>
						<line number="2740" hits="0"/>
						<line number="2741" hits="0" branch="true" condition-coverage="0% (0/2)" missing-branches="2742,2743"/>
						<line number="2742" hits="0"/>
						<line number="2743" hits="0"/>
						<line number="2744" hits="0"/>
						<line number="2745" hits="0"/>
						<line number="2747" hits="0"/>
						<line number="2748" hits="0"/>
						<line number="2749" hits="0"/>
						<line number="2750" hits="0"/>
						<line number="2751" hits="0" branch="true" condition-coverage="0% (0/2)" missing-branches="2752,2755"/>
						<line number="2752" hits="0"/>
						<line number="2753" hits="0"/>
						<line number="2755" hits="0"/>
						<line number="2756" hits="0"/>
						<line number="2757" hits="0"/>
						<line number="2758" hits="0"/>
						<line number="2759" hits="0"/>
						<line number="2760" hits="0"/>
						<line number="2761" hits="0"/>
						<line number="2762" hits="0"/>
						<line number="2764" hits="0"/>
						<line number="2765" hits="0" branch="true" condition-coverage="0% (0/2)" missing-branches="2766,2779"/>
						<line number="2766" hits="0"/>
						<line number="2767" hits="0"/>
						<line number="2768" hits="0" branch="true" condition-coverage="0% (0/2)" missing-branches="2769,2774"/>
						<line number="2769" hits="0" branch="true" condition-coverage="0% (0/2)" missing-branches="2770,2772"/>
						<line number="2770" hits="0"/>
						<line number="2772" hits="0"/>
						<line number="2774" hits="0"/>
						<line number="2775" hits="0"/>
						<line number="2776" hits="0"/>
						<line number="2777" hits="0"/>
						<line number="2779" hits="0"/>
						<line number="2781" hits="0" branch="true" condition-coverage="0% (0/2)" missing-branches="2782,2786"/>
						<line number="2782" hits="0" branch="true" condition-coverage="0% (0/2)" missing-branches="2783,2784"/>
						<line number="2783" hits="0"/>
						<line number="2784" hits="0"/>
						<line number="2786" hits="0"/>
						<line number="2788" hits="0"/>
						<line number="2791" hits="1"/>
						<line number="2794" hits="1"/>
						<line number="2795" hits="0"/>
						<line number="2796" hits="0"/>
						<line number="2797" hits="0"/>
						<line number="2798" hits="0"/>
						<line number="2799" hits="0"/>
						<line number="2801" hits="1"/>
						<line number="2802" hits="0"/>
						<line number="2803" hits="0" branch="true" condition-coverage="0% (0/2)" missing-branches="2804,2815"/>
						<line number="2804" hits="0"/>
						<line number="2805" hits="0" branch="true" condition-coverage="0% (0/2)" missing-branches="exit,2806"/>
						<line number="2806" hits="0"/>
						<line number="2807" hits="0"/>
						<line number="2808" hits="0"/>
						<line number="2809" hits="0" branch="true" condition-coverage="0% (0/2)" missing-branches="exit,2810"/>
						<line number="2810" hits="0"/>
						<line number="2811" hits="0"/>
						<line number="2812" hits="0"/>
						<line number="2815" hits="0"/>
						<line number="2817" hits="1"/>
						<line number="2818" hits="0"/>
						<line number="2820" hits="1"/>
						<line number="2821" hits="0"/>
						<line number="2824" hits="1"/>
						<line number="2828" hits="1"/>
						<line number="2829" hits="1"/>
						<line number="2832" hits="1"/>
						<line number="2835" hits="1"/>
						<line number="2836" hits="1"/>
						<line number="2837" hits="1"/>
						<line number="2838" hits="1"/>
						<line number="2839" hits="1"/>
						<line number="2842" hits="1"/>
						<line number="2845" hits="1"/>
						<line number="2846" hits="0"/>
						<line number="2847" hits="0"/>
						<line number="2848" hits="0"/>
						<line number="2849" hits="0"/>
						<line number="2850" hits="0"/>
						<line number="2852" hits="1"/>
						<line number="2853" hits="0"/>
						<line number="2856" hits="1"/>
						<line number="2870" hits="1"/>
						<line number="2871" hits="1"/>
						<line number="2872" hits="1"/>
						<line number="2873" hits="1"/>
						<line number="2874" hits="1"/>
						<line number="2875" hits="1"/>
						<line number="2876" hits="0"/>
						<line number="2877" hits="0"/>
						<line number="2879" hits="0"/>
						<line number="2880" hits="1"/>
						<line number="2881" hits="1"/>
						<line number="2882" hits="1"/>
						<line number="2883" hits="1"/>
						<line number="2887" hits="1" branch="true" condition-coverage="100% (2/2)"/>
						<line number="2888" hits="1"/>
						<line number="2890" hits="1"/>
						<line number="2891" hits="1" branch="true" condition-coverage="50% (1/2)" missing-branches="2892"/>
						<line number="2892" hits="0"/>
						<line number="2893" hits="1"/>
						<line number="2895" hits="1"/>
						<line number="2896" hits="1"/>
						<line number="2897" hits="1" branch="true" condition-coverage="100% (2/2)"/>
						<line number="2898" hits="1"/>
						<line number="2899" hits="1"/>
						<line number="2901" hits="1"/>
						<line number="2902" hits="1"/>
						<line number="2904" hits="1"/>
						<line number="2929" hits="1"/>
						<line number="2931" hits="1"/>
						<line number="2932" hits="0"/>
						<line number="2933" hits="0" branch="true" condition-coverage="0% (0/2)" missing-branches="2934,2935"/>
						<line number="2934" hits="0"/>
						<line number="2935" hits="0"/>
						<line number="2936" hits="0"/>
						<line number="2937" hits="0"/>
						<line number="2938" hits="0"/>
						<line number="2939" hits="0"/>
						<line number="2940" hits="0"/>
						<line number="2942" hits="0"/>
						<line number="2943" hits="0"/>
						<line number="2944" hits="0"/>
						<line number="2945" hits="0"/>
						<line number="2946" hits="0"/>
						<line number="2947" hits="0" branch="true" condition-coverage="0% (0/2)" missing-branches="2948,2950"/>
						<line number="2948" hits="0"/>
						<line number="2949" hits="0"/>
						<line number="2950" hits="0"/>
						<line number="2952" hits="1"/>
						<line number="2953" hits="0" branch="true" condition-coverage="0% (0/2)" missing-branches="2954,2962"/>
						<line number="2954" hits="0" branch="true" condition-coverage="0% (0/2)" missing-branches="2959,2969"/>
						<line number="2959" hits="0"/>
						<line number="2962" hits="0" branch="true" condition-coverage="0% (0/2)" missing-branches="2963,2969"/>
						<line number="2963" hits="0" branch="true" condition-coverage="0% (0/2)" missing-branches="2967,2969"/>
						<line number="2967" hits="0"/>
						<line number="2969" hits="0"/>
						<line number="2971" hits="1"/>
						<line number="2972" hits="0"/>
						<line number="2973" hits="0"/>
						<line number="2974" hits="0"/>
						<line number="2976" hits="1"/>
						<line number="2977" hits="1"/>
						<line number="2980" hits="0"/>
						<line number="2982" hits="1"/>
						<line number="2993" hits="1"/>
[...]
						<line number="201" hits="1" branch="true" condition-coverage="50% (1/2)" missing-branches="202"/>
						<line number="202" hits="0"/>
						<line number="203" hits="1"/>
						<line number="204" hits="1"/>
						<line number="206" hits="1"/>
						<line number="214" hits="0" branch="true" condition-coverage="0% (0/2)" missing-branches="215,218"/>
						<line number="215" hits="0"/>
						<line number="218" hits="0"/>
						<line number="220" hits="1"/>
						<line number="221" hits="1"/>
						<line number="230" hits="1" branch="true" condition-coverage="50% (1/2)" missing-branches="233"/>
						<line number="231" hits="1"/>
						<line number="233" hits="0" branch="true" condition-coverage="0% (0/2)" missing-branches="234,236"/>
						<line number="234" hits="0"/>
						<line number="236" hits="0"/>
						<line number="238" hits="1"/>
						<line number="239" hits="1"/>
						<line number="255" hits="1" branch="true" condition-coverage="50% (1/2)" missing-branches="262"/>
						<line number="262" hits="0" branch="true" condition-coverage="0% (0/2)" missing-branches="263,264"/>
						<line number="263" hits="0"/>
						<line number="264" hits="0"/>
						<line number="265" hits="1" branch="true" condition-coverage="50% (1/2)" missing-branches="266"/>
						<line number="266" hits="0"/>
						<line number="268" hits="1"/>
					</lines>
				</class>
				<class name="url.py" filename="/usr/lib/python3.10/site-packages/urllib3/util/url.py" complexity="0" line-rate="0.6" branch-rate="0.383">
					<methods/>
					<lines>
						<line number="1" hits="1"/>
						<line number="3" hits="1"/>
						<line number="4" hits="1"/>
						<line number="6" hits="1"/>
						<line number="7" hits="1"/>
						<line number="9" hits="1"/>
						<line number="13" hits="1"/>
						<line number="17" hits="1"/>
						<line number="18" hits="1"/>
						<line number="19" hits="1"/>
						<line number="28" hits="1"/>
						<line number="29" hits="1"/>
						<line number="30" hits="1"/>
						<line number="31" hits="1"/>
						<line number="32" hits="1"/>
						<line number="53" hits="1"/>
						<line number="54" hits="1"/>
						<line number="55" hits="1"/>
						<line number="56" hits="1"/>
						<line number="57" hits="1"/>
						<line number="58" hits="1"/>
						<line number="60" hits="1"/>
						<line number="61" hits="1"/>
						<line number="62" hits="1"/>
						<line number="63" hits="1"/>
						<line number="64" hits="1"/>
						<line number="66" hits="1"/>
						<line number="71" hits="1"/>
						<line number="73" hits="1"/>
						<line number="76" hits="1"/>
						<line number="77" hits="1"/>
						<line number="78" hits="1"/>
						<line number="79" hits="1"/>
						<line number="82" hits="1"/>
						<line number="89" hits="1"/>
						<line number="91" hits="1"/>
						<line number="101" hits="1" branch="true" condition-coverage="50% (1/2)" missing-branches="102"/>
						<line number="102" hits="0"/>
						<line number="103" hits="1" branch="true" condition-coverage="100% (2/2)"/>
						<line number="104" hits="1"/>
						<line number="105" hits="1"/>
						<line number="109" hits="1"/>
						<line number="110" hits="1"/>
						<line number="112" hits="0"/>
						<line number="114" hits="1"/>
						<line number="115" hits="1"/>
						<line number="117" hits="0"/>
						<line number="119" hits="0" branch="true" condition-coverage="0% (0/2)" missing-branches="120,122"/>
						<line number="120" hits="0"/>
						<line number="122" hits="0"/>
						<line number="124" hits="1"/>
						<line number="125" hits="1"/>
						<line number="127" hits="0" branch="true" condition-coverage="0% (0/2)" missing-branches="128,129"/>
						<line number="128" hits="0"/>
						<line number="129" hits="0"/>
						<line number="131" hits="1"/>
						<line number="132" hits="1"/>
						<line number="150" hits="0"/>
						<line number="151" hits="0"/>
						<line number="154" hits="0" branch="true" condition-coverage="0% (0/2)" missing-branches="155,156"/>
						<line number="155" hits="0"/>
						<line number="156" hits="0" branch="true" condition-coverage="0% (0/2)" missing-branches="157,158"/>
						<line number="157" hits="0"/>
						<line number="158" hits="0" branch="true" condition-coverage="0% (0/2)" missing-branches="159,160"/>
						<line number="159" hits="0"/>
						<line number="160" hits="0" branch="true" condition-coverage="0% (0/2)" missing-branches="161,162"/>
						<line number="161" hits="0"/>
						<line number="162" hits="0" branch="true" condition-coverage="0% (0/2)" missing-branches="163,164"/>
						<line number="163" hits="0"/>
						<line number="164" hits="0" branch="true" condition-coverage="0% (0/2)" missing-branches="165,166"/>
						<line number="165" hits="0"/>
						<line number="166" hits="0" branch="true" condition-coverage="0% (0/2)" missing-branches="167,169"/>
						<line number="167" hits="0"/>
						<line number="169" hits="0"/>
						<line number="171" hits="1"/>
						<line number="172" hits="0"/>
						<line number="175" hits="1"/>
						<line number="193" hits="0"/>
						<line number="194" hits="0"/>
						<line number="195" hits="0" branch="true" condition-coverage="0% (0/2)" missing-branches="196,204"/>
						<line number="196" hits="0"/>
						<line number="197" hits="0" branch="true" condition-coverage="0% (0/2)" missing-branches="198,200"/>
						<line number="198" hits="0"/>
						<line number="200" hits="0" branch="true" condition-coverage="0% (0/2)" missing-branches="195,201"/>
						<line number="201" hits="0"/>
						<line number="202" hits="0"/>
						<line number="204" hits="0" branch="true" condition-coverage="0% (0/2)" missing-branches="205,207"/>
						<line number="205" hits="0"/>
						<line number="207" hits="0"/>
						<line number="210" hits="1"/>
						<line number="214" hits="1" branch="true" condition-coverage="100% (2/2)"/>
						<line number="215" hits="1"/>
						<line number="217" hits="1"/>
						<line number="222" hits="1"/>
						<line number="226" hits="1"/>
						<line number="227" hits="1"/>
						<line number="228" hits="1"/>
						<line number="230" hits="1" branch="true" condition-coverage="100% (2/2)"/>
						<line number="232" hits="1"/>
						<line number="233" hits="1"/>
						<line number="234" hits="1" branch="true" condition-coverage="50% (1/2)" missing-branches="239"/>
						<line number="237" hits="1"/>
						<line number="238" hits="1"/>
						<line number="239" hits="0"/>
						<line number="241" hits="1"/>
						<line number="244" hits="1"/>
						<line number="246" hits="1"/>
						<line number="247" hits="1"/>
						<line number="249" hits="1" branch="true" condition-coverage="100% (2/2)"/>
						<line number="251" hits="1" branch="true" condition-coverage="50% (1/2)" missing-branches="252"/>
						<line number="252" hits="0"/>
						<line number="254" hits="1" branch="true" condition-coverage="50% (1/2)" missing-branches="258"/>
						<line number="255" hits="1"/>
						<line number="258" hits="0" branch="true" condition-coverage="0% (0/2)" missing-branches="249,259"/>
						<line number="259" hits="0"/>
						<line number="263" hits="1" branch="true" condition-coverage="50% (1/2)" missing-branches="264"/>
						<line number="264" hits="0"/>
						<line number="268" hits="1" branch="true" condition-coverage="50% (1/2)" missing-branches="269"/>
						<line number="269" hits="0"/>
						<line number="271" hits="1"/>
						<line number="274" hits="1"/>
						<line number="275" hits="1" branch="true" condition-coverage="100% (2/2)"/>
						<line number="276" hits="1" branch="true" condition-coverage="50% (1/2)" missing-branches="277"/>
						<line number="277" hits="0"/>
						<line number="279" hits="1" branch="true" condition-coverage="50% (1/2)" missing-branches="302"/>
						<line number="280" hits="1"/>
						<line number="281" hits="1" branch="true" condition-coverage="50% (1/2)" missing-branches="285"/>
						<line number="285" hits="0"/>
						<line number="286" hits="0" branch="true" condition-coverage="0% (0/2)" missing-branches="287,297"/>
						<line number="287" hits="0"/>
						<line number="288" hits="0"/>
						<line number="290" hits="0" branch="true" condition-coverage="0% (0/2)" missing-branches="291,293"/>
						<line number="291" hits="0"/>
						<line number="293" hits="0"/>
						<line number="294" hits="0"/>
						<line number="295" hits="0"/>
						<line number="297" hits="0"/>
						<line number="298" hits="1" branch="true" condition-coverage="50% (1/2)" missing-branches="302"/>
						<line number="299" hits="1"/>
						<line number="302" hits="1"/>
						<line number="305" hits="1"/>
						<line number="306" hits="1" branch="true" condition-coverage="50% (1/2)" missing-branches="307"/>
						<line number="307" hits="0"/>
						<line number="308" hits="0"/>
						<line number="309" hits="0"/>
						<line number="310" hits="0"/>
						<line number="314" hits="0"/>
						<line number="315" hits="0"/>
						<line number="316" hits="0"/>
						<line number="317" hits="0"/>
						<line number="320" hits="1"/>
						<line number="323" hits="1"/>
						<line number="325" hits="1"/>
						<line number="326" hits="1"/>
						<line number="327" hits="1"/>
						<line number="328" hits="1" branch="true" condition-coverage="50% (1/2)" missing-branches="329"/>
						<line number="329" hits="0"/>
						<line number="330" hits="1"/>
						<line number="333" hits="1"/>
						<line number="355" hits="1" branch="true" condition-coverage="50% (1/2)" missing-branches="357"/>
						<line number="357" hits="0"/>
						<line number="359" hits="1"/>
						<line number="360" hits="1" branch="true" condition-coverage="50% (1/2)" missing-branches="361"/>
						<line number="361" hits="0"/>
						<line number="363" hits="1"/>
						<line number="364" hits="1"/>
						<line number="365" hits="1"/>
						<line number="367" hits="1" branch="true" condition-coverage="100% (2/2)"/>
						<line number="368" hits="1"/>
						<line number="370" hits="1" branch="true" condition-coverage="100% (2/2)"/>
						<line number="371" hits="1"/>
						<line number="372" hits="1"/>
						<line number="373" hits="1"/>
						<line number="374" hits="1" branch="true" condition-coverage="50% (1/2)" missing-branches="375"/>
						<line number="375" hits="0"/>
						<line number="376" hits="1" branch="true" condition-coverage="50% (1/2)" missing-branches="377"/>
						<line number="377" hits="0"/>
						<line number="379" hits="1"/>
						<line number="381" hits="1" branch="true" condition-coverage="50% (1/2)" missing-branches="382"/>
						<line number="382" hits="0"/>
						<line number="383" hits="0" branch="true" condition-coverage="0% (0/2)" missing-branches="384,386"/>
						<line number="384" hits="0"/>
						<line number="386" hits="1"/>
						<line number="388" hits="1" branch="true" condition-coverage="50% (1/2)" missing-branches="391"/>
						<line number="389" hits="1"/>
						<line number="390" hits="1"/>
						<line number="391" hits="1" branch="true" condition-coverage="50% (1/2)" missing-branches="392"/>
						<line number="392" hits="0"/>
						<line number="393" hits="1" branch="true" condition-coverage="50% (1/2)" missing-branches="394"/>
						<line number="394" hits="0"/>
						<line number="396" hits="0"/>
						<line number="397" hits="0"/>
						<line number="403" hits="1" branch="true" condition-coverage="50% (1/2)" missing-branches="404"/>
						<line number="404" hits="0" branch="true" condition-coverage="0% (0/2)" missing-branches="405,407"/>
						<line number="405" hits="0"/>
						<line number="407" hits="0"/>
						<line number="411" hits="1" branch="true" condition-coverage="50% (1/2)" missing-branches="414"/>
						<line number="412" hits="1"/>
						<line number="414" hits="0"/>
						<line number="416" hits="1"/>
						<line number="417" hits="1"/>
						<line number="419" hits="1"/>
						<line number="430" hits="1"/>
						<line number="434" hits="0"/>
						<line number="435" hits="0"/>
					</lines>
				</class>
				<class name="wait.py" filename="/usr/lib/python3.10/site-packages/urllib3/util/wait.py" complexity="0" line-rate="0.2338" branch-rate="0.03571">
					<methods/>
					<lines>
						<line number="1" hits="1"/>
						<line number="2" hits="1"/>
						<line number="3" hits="1"/>
						<line number="4" hits="1"/>
						<line number="6" hits="1"/>
						<line number="7" hits="1"/>
						<line number="8" hits="0"/>
						<line number="9" hits="0"/>
						<line number="11" hits="1"/>
						<line number="14" hits="1"/>
						<line number="15" hits="1"/>
						<line number="40" hits="1" branch="true" condition-coverage="50% (1/2)" missing-branches="47"/>
						<line number="42" hits="1"/>
						<line number="43" hits="0"/>
						<line number="47" hits="0"/>
						<line number="48" hits="0" branch="true" condition-coverage="0% (0/2)" missing-branches="49,51"/>
						<line number="49" hits="0"/>
						<line number="51" hits="0"/>
						<line number="53" hits="0"/>
						<line number="54" hits="0"/>
						<line number="55" hits="0"/>
						<line number="57" hits="0"/>
						<line number="59" hits="0" branch="true" condition-coverage="0% (0/2)" missing-branches="60,62"/>
						<line number="60" hits="0"/>
						<line number="62" hits="0"/>
						<line number="63" hits="0" branch="true" condition-coverage="0% (0/2)" missing-branches="64,65"/>
						<line number="64" hits="0"/>
						<line number="65" hits="0" branch="true" condition-coverage="0% (0/2)" missing-branches="66,67"/>
						<line number="66" hits="0"/>
						<line number="67" hits="0"/>
						<line number="70" hits="1"/>
						<line number="71" hits="0" branch="true" condition-coverage="0% (0/2)" missing-branches="72,73"/>
						<line number="72" hits="0"/>
						<line number="73" hits="0"/>
						<line number="74" hits="0"/>
						<line number="75" hits="0" branch="true" condition-coverage="0% (0/2)" missing-branches="76,77"/>
						<line number="76" hits="0"/>
						<line number="77" hits="0" branch="true" condition-coverage="0% (0/2)" missing-branches="78,84"/>
						<line number="78" hits="0"/>
						<line number="84" hits="0"/>
						<line number="85" hits="0"/>
						<line number="86" hits="0"/>
						<line number="89" hits="1"/>
						<line number="90" hits="0" branch="true" condition-coverage="0% (0/2)" missing-branches="91,92"/>
						<line number="91" hits="0"/>
						<line number="92" hits="0"/>
						<line number="93" hits="0" branch="true" condition-coverage="0% (0/2)" missing-branches="94,95"/>
						<line number="94" hits="0"/>
						<line number="95" hits="0" branch="true" condition-coverage="0% (0/2)" missing-branches="96,97"/>
						<line number="96" hits="0"/>
						<line number="97" hits="0"/>
						<line number="98" hits="0"/>
						<line number="101" hits="0"/>
						<line number="102" hits="0" branch="true" condition-coverage="0% (0/2)" missing-branches="103,104"/>
						<line number="103" hits="0"/>
						<line number="104" hits="0"/>
						<line number="106" hits="0"/>
						<line number="109" hits="1"/>
						<line number="110" hits="0"/>
						<line number="113" hits="1"/>
						<line number="117" hits="0"/>
						<line number="118" hits="0"/>
						<line number="119" hits="0"/>
						<line number="120" hits="0"/>
						<line number="121" hits="0"/>
						<line number="123" hits="0"/>
						<line number="126" hits="1"/>
						<line number="132" hits="0" branch="true" condition-coverage="0% (0/2)" missing-branches="133,134"/>
						<line number="133" hits="0"/>
						<line number="134" hits="0" branch="true" condition-coverage="0% (0/2)" missing-branches="135,137"/>
						<line number="135" hits="0"/>
						<line number="137" hits="0"/>
						<line number="138" hits="0"/>
						<line number="141" hits="1"/>
						<line number="145" hits="0"/>
						<line number="148" hits="1"/>
						<line number="152" hits="0"/>
					</lines>
				</class>
			</classes>
		</package>
		<package name="examples" line-rate="0.6145" branch-rate="0.3077" complexity="0">
			<classes>
				<class name="conftest.py" filename="examples/conftest.py" complexity="0" line-rate="0.6145" branch-rate="0.3077">
					<methods/>
					<lines>
						<line number="1" hits="1"/>
						<line number="2" hits="1"/>
						<line number="3" hits="1"/>
						<line number="5" hits="1"/>
						<line number="6" hits="1" branch="true" condition-coverage="100% (2/2)"/>
						<line number="7" hits="1"/>
						<line number="8" hits="1" branch="true" condition-coverage="100% (2/2)"/>
						<line number="9" hits="1"/>
						<line number="11" hits="1"/>
						<line number="12" hits="1" branch="true" condition-coverage="100% (2/2)"/>
						<line number="13" hits="1"/>
						<line number="14" hits="1" branch="true" condition-coverage="50% (1/2)" missing-branches="15"/>
						<line number="15" hits="0"/>
						<line number="17" hits="1"/>
						<line number="18" hits="1"/>
						<line number="21" hits="0"/>
						<line number="22" hits="0"/>
						<line number="24" hits="0" branch="true" condition-coverage="0% (0/2)" missing-branches="25,27"/>
						<line number="25" hits="0"/>
						<line number="27" hits="0" branch="true" condition-coverage="0% (0/2)" missing-branches="exit,28"/>
						<line number="28" hits="0"/>
						<line number="30" hits="1"/>
						<line number="31" hits="1"/>
						<line number="32" hits="0"/>
						<line number="33" hits="0"/>
						<line number="35" hits="0" branch="true" condition-coverage="0% (0/2)" missing-branches="36,38"/>
						<line number="36" hits="0"/>
						<line number="38" hits="0"/>
						<line number="40" hits="0" branch="true" condition-coverage="0% (0/2)" missing-branches="41,43"/>
						<line number="41" hits="0"/>
						<line number="43" hits="0"/>
						<line number="45" hits="0" branch="true" condition-coverage="0% (0/2)" missing-branches="46,48"/>
						<line number="46" hits="0"/>
						<line number="48" hits="0"/>
						<line number="50" hits="0" branch="true" condition-coverage="0% (0/2)" missing-branches="51,53"/>
						<line number="51" hits="0"/>
						<line number="53" hits="0"/>
						<line number="55" hits="0" branch="true" condition-coverage="0% (0/2)" missing-branches="56,58"/>
						<line number="56" hits="0"/>
						<line number="58" hits="0"/>
						<line number="60" hits="0"/>
						<line number="62" hits="0" branch="true" condition-coverage="0% (0/2)" missing-branches="63,65"/>
						<line number="63" hits="0"/>
						<line number="65" hits="0"/>
						<line number="67" hits="1"/>
						<line number="68" hits="0"/>
						<line number="75" hits="1"/>
						<line number="76" hits="0"/>
						<line number="78" hits="1"/>
						<line number="79" hits="0"/>
						<line number="82" hits="1"/>
						<line number="83" hits="1"/>
						<line number="87" hits="1"/>
						<line number="89" hits="1"/>
						<line number="91" hits="1"/>
						<line number="92" hits="1"/>
						<line number="93" hits="1"/>
						<line number="95" hits="1"/>
						<line number="97" hits="1"/>
						<line number="99" hits="1"/>
						<line number="100" hits="1"/>
						<line number="101" hits="1"/>
						<line number="102" hits="1"/>
						<line number="104" hits="1"/>
						<line number="106" hits="1"/>
						<line number="107" hits="1"/>
						<line number="109" hits="1"/>
						<line number="110" hits="1"/>
						<line number="112" hits="1"/>
						<line number="113" hits="1"/>
						<line number="118" hits="1"/>
						<line number="123" hits="1"/>
						<line number="125" hits="1"/>
						<line number="127" hits="1"/>
						<line number="129" hits="1"/>
						<line number="130" hits="1"/>
						<line number="132" hits="1"/>
						<line number="133" hits="1"/>
						<line number="135" hits="1" branch="true" condition-coverage="50% (1/2)" missing-branches="138"/>
						<line number="136" hits="1"/>
						<line number="138" hits="0"/>
						<line number="140" hits="1"/>
						<line number="141" hits="1"/>
					</lines>
				</class>
			</classes>
		</package>
	</packages>
</coverage>
